Timestamp;Event;Streaming URL;User attributes
2013-06-17 09:48:27.383;PLAY;rtmp://thalassa.statsbiblioteket.dk:1935/mediestream?ticket=dd298a99-416c-437b-993f-cb6f2c4b669f//flv:b6daff28-8911-40c9-b197-8fb03abb656b;{"everybody":["yes"],"SBIPRoleMapper":["digitaleaarboeger","inhouse","marctab","sbmusic"]}
2013-06-17 09:48:50.751;STOP;rtmp://thalassa.statsbiblioteket.dk:1935/mediestream?ticket=dd298a99-416c-437b-993f-cb6f2c4b669f//flv:b6daff28-8911-40c9-b197-8fb03abb656b;{"everybody":["yes"],"SBIPRoleMapper":["digitaleaarboeger","inhouse","marctab","sbmusic"]}
2013-06-17 09:48:55.213;PLAY;rtmp://thalassa.statsbiblioteket.dk:1935/mediestream?ticket=bf65cf69-b723-49d5-8bbc-40ee7daee3d5//flv:6f18af0d-f964-4b9e-88aa-7984cf39d1d3;{"everybody":["yes"],"SBIPRoleMapper":["digitaleaarboeger","inhouse","marctab","sbmusic"]}
2013-06-17 09:49:04.611;SEEK;rtmp://thalassa.statsbiblioteket.dk:1935/mediestream?ticket=bf65cf69-b723-49d5-8bbc-40ee7daee3d5//flv:6f18af0d-f964-4b9e-88aa-7984cf39d1d3;{"everybody":["yes"],"SBIPRoleMapper":["digitaleaarboeger","inhouse","marctab","sbmusic"]}
2013-06-17 09:49:52.333;STOP;rtmp://thalassa.statsbiblioteket.dk:1935/mediestream?ticket=bf65cf69-b723-49d5-8bbc-40ee7daee3d5//flv:6f18af0d-f964-4b9e-88aa-7984cf39d1d3;{"everybody":["yes"],"SBIPRoleMapper":["digitaleaarboeger","inhouse","marctab","sbmusic"]}
2013-06-17 09:53:34.793;PLAY;rtmp://thalassa.statsbiblioteket.dk:1935/mediestream?ticket=dd16b4a2-729a-4e1b-94e6-060ffa341503//flv:4425aee8-e1cb-430d-983b-5562cc2f40b1;{"SBIPRoleMapper":["digitaleaarboeger","inhouse","marctab","sbmusic"],"everybody":["yes"]}
2013-06-17 09:53:42.122;STOP;rtmp://thalassa.statsbiblioteket.dk:1935/mediestream?ticket=dd16b4a2-729a-4e1b-94e6-060ffa341503//flv:4425aee8-e1cb-430d-983b-5562cc2f40b1;{"SBIPRoleMapper":["digitaleaarboeger","inhouse","marctab","sbmusic"],"everybody":["yes"]}
2013-06-17 10:00:04.009;PLAY;rtmp://thalassa.statsbiblioteket.dk:1935/mediestream?ticket=f7022e28-9a0f-481b-983d-6083e361cfb4//flv:5d256a79-f5a4-4b15-b8fd-3141cc181220;{"everybody":["yes"],"SBIPRoleMapper":["digitaleaarboeger","inhouse","marctab","sbmusic"]}
2013-06-17 10:00:06.050;PAUSE;rtmp://thalassa.statsbiblioteket.dk:1935/mediestream?ticket=f7022e28-9a0f-481b-983d-6083e361cfb4//flv:5d256a79-f5a4-4b15-b8fd-3141cc181220;{"everybody":["yes"],"SBIPRoleMapper":["digitaleaarboeger","inhouse","marctab","sbmusic"]}
2013-06-17 10:00:07.609;STOP;rtmp://thalassa.statsbiblioteket.dk:1935/mediestream?ticket=f7022e28-9a0f-481b-983d-6083e361cfb4//flv:5d256a79-f5a4-4b15-b8fd-3141cc181220;{"everybody":["yes"],"SBIPRoleMapper":["digitaleaarboeger","inhouse","marctab","sbmusic"]}
2013-06-17 10:00:17.029;PLAY;rtmp://thalassa.statsbiblioteket.dk:1935/mediestream?ticket=0f2c3c31-c226-4634-93be-2c70ff746539//flv:e1839f02-2911-40a4-94ca-7505bd6b332c;{"everybody":["yes"],"SBIPRoleMapper":["digitaleaarboeger","inhouse","marctab","sbmusic"]}
2013-06-17 10:00:19.637;SEEK;rtmp://thalassa.statsbiblioteket.dk:1935/mediestream?ticket=0f2c3c31-c226-4634-93be-2c70ff746539//flv:e1839f02-2911-40a4-94ca-7505bd6b332c;{"everybody":["yes"],"SBIPRoleMapper":["digitaleaarboeger","inhouse","marctab","sbmusic"]}
2013-06-17 10:00:23.642;SEEK;rtmp://thalassa.statsbiblioteket.dk:1935/mediestream?ticket=0f2c3c31-c226-4634-93be-2c70ff746539//flv:e1839f02-2911-40a4-94ca-7505bd6b332c;{"everybody":["yes"],"SBIPRoleMapper":["digitaleaarboeger","inhouse","marctab","sbmusic"]}
2013-06-17 10:00:26.332;SEEK;rtmp://thalassa.statsbiblioteket.dk:1935/mediestream?ticket=0f2c3c31-c226-4634-93be-2c70ff746539//flv:e1839f02-2911-40a4-94ca-7505bd6b332c;{"everybody":["yes"],"SBIPRoleMapper":["digitaleaarboeger","inhouse","marctab","sbmusic"]}
2013-06-17 10:00:28.092;SEEK;rtmp://thalassa.statsbiblioteket.dk:1935/mediestream?ticket=0f2c3c31-c226-4634-93be-2c70ff746539//flv:e1839f02-2911-40a4-94ca-7505bd6b332c;{"everybody":["yes"],"SBIPRoleMapper":["digitaleaarboeger","inhouse","marctab","sbmusic"]}
2013-06-17 10:00:28.464;PLAY;rtmp://thalassa.statsbiblioteket.dk:1935/mediestream?ticket=03809560-ef15-4f0e-b487-74daad6b5c01//flv:c3aee4be-8441-409b-bb24-3917bed122d2;{"everybody":["yes"],"SBIPRoleMapper":["digitaleaarboeger","inhouse","marctab","sbmusic"]}
2013-06-17 10:00:34.202;SEEK;rtmp://thalassa.statsbiblioteket.dk:1935/mediestream?ticket=0f2c3c31-c226-4634-93be-2c70ff746539//flv:e1839f02-2911-40a4-94ca-7505bd6b332c;{"everybody":["yes"],"SBIPRoleMapper":["digitaleaarboeger","inhouse","marctab","sbmusic"]}
2013-06-17 10:00:35.513;SEEK;rtmp://thalassa.statsbiblioteket.dk:1935/mediestream?ticket=0f2c3c31-c226-4634-93be-2c70ff746539//flv:e1839f02-2911-40a4-94ca-7505bd6b332c;{"everybody":["yes"],"SBIPRoleMapper":["digitaleaarboeger","inhouse","marctab","sbmusic"]}
2013-06-17 10:00:36.888;SEEK;rtmp://thalassa.statsbiblioteket.dk:1935/mediestream?ticket=0f2c3c31-c226-4634-93be-2c70ff746539//flv:e1839f02-2911-40a4-94ca-7505bd6b332c;{"everybody":["yes"],"SBIPRoleMapper":["digitaleaarboeger","inhouse","marctab","sbmusic"]}
2013-06-17 10:00:37.744;SEEK;rtmp://thalassa.statsbiblioteket.dk:1935/mediestream?ticket=0f2c3c31-c226-4634-93be-2c70ff746539//flv:e1839f02-2911-40a4-94ca-7505bd6b332c;{"everybody":["yes"],"SBIPRoleMapper":["digitaleaarboeger","inhouse","marctab","sbmusic"]}
2013-06-17 10:00:39.101;SEEK;rtmp://thalassa.statsbiblioteket.dk:1935/mediestream?ticket=0f2c3c31-c226-4634-93be-2c70ff746539//flv:e1839f02-2911-40a4-94ca-7505bd6b332c;{"everybody":["yes"],"SBIPRoleMapper":["digitaleaarboeger","inhouse","marctab","sbmusic"]}
2013-06-17 10:00:39.917;SEEK;rtmp://thalassa.statsbiblioteket.dk:1935/mediestream?ticket=0f2c3c31-c226-4634-93be-2c70ff746539//flv:e1839f02-2911-40a4-94ca-7505bd6b332c;{"everybody":["yes"],"SBIPRoleMapper":["digitaleaarboeger","inhouse","marctab","sbmusic"]}
2013-06-17 10:00:40.842;SEEK;rtmp://thalassa.statsbiblioteket.dk:1935/mediestream?ticket=0f2c3c31-c226-4634-93be-2c70ff746539//flv:e1839f02-2911-40a4-94ca-7505bd6b332c;{"everybody":["yes"],"SBIPRoleMapper":["digitaleaarboeger","inhouse","marctab","sbmusic"]}
2013-06-17 10:00:41.897;SEEK;rtmp://thalassa.statsbiblioteket.dk:1935/mediestream?ticket=0f2c3c31-c226-4634-93be-2c70ff746539//flv:e1839f02-2911-40a4-94ca-7505bd6b332c;{"everybody":["yes"],"SBIPRoleMapper":["digitaleaarboeger","inhouse","marctab","sbmusic"]}
2013-06-17 10:00:43.069;SEEK;rtmp://thalassa.statsbiblioteket.dk:1935/mediestream?ticket=0f2c3c31-c226-4634-93be-2c70ff746539//flv:e1839f02-2911-40a4-94ca-7505bd6b332c;{"everybody":["yes"],"SBIPRoleMapper":["digitaleaarboeger","inhouse","marctab","sbmusic"]}
2013-06-17 10:00:44.106;SEEK;rtmp://thalassa.statsbiblioteket.dk:1935/mediestream?ticket=0f2c3c31-c226-4634-93be-2c70ff746539//flv:e1839f02-2911-40a4-94ca-7505bd6b332c;{"everybody":["yes"],"SBIPRoleMapper":["digitaleaarboeger","inhouse","marctab","sbmusic"]}
2013-06-17 10:00:44.533;SEEK;rtmp://thalassa.statsbiblioteket.dk:1935/mediestream?ticket=0f2c3c31-c226-4634-93be-2c70ff746539//flv:e1839f02-2911-40a4-94ca-7505bd6b332c;{"everybody":["yes"],"SBIPRoleMapper":["digitaleaarboeger","inhouse","marctab","sbmusic"]}
2013-06-17 10:00:45.248;SEEK;rtmp://thalassa.statsbiblioteket.dk:1935/mediestream?ticket=0f2c3c31-c226-4634-93be-2c70ff746539//flv:e1839f02-2911-40a4-94ca-7505bd6b332c;{"everybody":["yes"],"SBIPRoleMapper":["digitaleaarboeger","inhouse","marctab","sbmusic"]}
2013-06-17 10:00:49.757;STOP;rtmp://thalassa.statsbiblioteket.dk:1935/mediestream?ticket=0f2c3c31-c226-4634-93be-2c70ff746539//flv:e1839f02-2911-40a4-94ca-7505bd6b332c;{"everybody":["yes"],"SBIPRoleMapper":["digitaleaarboeger","inhouse","marctab","sbmusic"]}
2013-06-17 10:00:54.090;PLAY;rtmp://thalassa.statsbiblioteket.dk:1935/mediestream?ticket=d7152e42-d65e-4a8c-9b9b-281ff1ffcdc4//flv:6660bae2-4a58-442c-83da-a3c40f602a99;{"everybody":["yes"],"SBIPRoleMapper":["digitaleaarboeger","inhouse","marctab","sbmusic"]}
2013-06-17 10:00:56.512;SEEK;rtmp://thalassa.statsbiblioteket.dk:1935/mediestream?ticket=d7152e42-d65e-4a8c-9b9b-281ff1ffcdc4//flv:6660bae2-4a58-442c-83da-a3c40f602a99;{"everybody":["yes"],"SBIPRoleMapper":["digitaleaarboeger","inhouse","marctab","sbmusic"]}
2013-06-17 10:00:56.822;SEEK;rtmp://thalassa.statsbiblioteket.dk:1935/mediestream?ticket=d7152e42-d65e-4a8c-9b9b-281ff1ffcdc4//flv:6660bae2-4a58-442c-83da-a3c40f602a99;{"everybody":["yes"],"SBIPRoleMapper":["digitaleaarboeger","inhouse","marctab","sbmusic"]}
2013-06-17 10:00:57.151;SEEK;rtmp://thalassa.statsbiblioteket.dk:1935/mediestream?ticket=d7152e42-d65e-4a8c-9b9b-281ff1ffcdc4//flv:6660bae2-4a58-442c-83da-a3c40f602a99;{"everybody":["yes"],"SBIPRoleMapper":["digitaleaarboeger","inhouse","marctab","sbmusic"]}
2013-06-17 10:01:01.522;PLAY;rtmp://thalassa.statsbiblioteket.dk:1935/mediestream?ticket=1c51324d-be3f-47a6-8a15-39f487537d59//flv:5560fb89-2110-4067-9726-96b005d5efdc;{"SBIPRoleMapper":["digitaleaarboeger","inhouse","marctab","sbmusic"],"everybody":["yes"]}
2013-06-17 10:01:06.032;STOP;rtmp://thalassa.statsbiblioteket.dk:1935/mediestream?ticket=1c51324d-be3f-47a6-8a15-39f487537d59//flv:5560fb89-2110-4067-9726-96b005d5efdc;{"SBIPRoleMapper":["digitaleaarboeger","inhouse","marctab","sbmusic"],"everybody":["yes"]}
2013-06-17 10:01:23.769;SEEK;rtmp://thalassa.statsbiblioteket.dk:1935/mediestream?ticket=03809560-ef15-4f0e-b487-74daad6b5c01//flv:c3aee4be-8441-409b-bb24-3917bed122d2;{"everybody":["yes"],"SBIPRoleMapper":["digitaleaarboeger","inhouse","marctab","sbmusic"]}
2013-06-17 10:01:26.436;SEEK;rtmp://thalassa.statsbiblioteket.dk:1935/mediestream?ticket=03809560-ef15-4f0e-b487-74daad6b5c01//flv:c3aee4be-8441-409b-bb24-3917bed122d2;{"everybody":["yes"],"SBIPRoleMapper":["digitaleaarboeger","inhouse","marctab","sbmusic"]}
2013-06-17 10:01:28.041;SEEK;rtmp://thalassa.statsbiblioteket.dk:1935/mediestream?ticket=03809560-ef15-4f0e-b487-74daad6b5c01//flv:c3aee4be-8441-409b-bb24-3917bed122d2;{"everybody":["yes"],"SBIPRoleMapper":["digitaleaarboeger","inhouse","marctab","sbmusic"]}
2013-06-17 10:01:29.247;SEEK;rtmp://thalassa.statsbiblioteket.dk:1935/mediestream?ticket=03809560-ef15-4f0e-b487-74daad6b5c01//flv:c3aee4be-8441-409b-bb24-3917bed122d2;{"everybody":["yes"],"SBIPRoleMapper":["digitaleaarboeger","inhouse","marctab","sbmusic"]}
2013-06-17 10:01:30.641;SEEK;rtmp://thalassa.statsbiblioteket.dk:1935/mediestream?ticket=03809560-ef15-4f0e-b487-74daad6b5c01//flv:c3aee4be-8441-409b-bb24-3917bed122d2;{"everybody":["yes"],"SBIPRoleMapper":["digitaleaarboeger","inhouse","marctab","sbmusic"]}
2013-06-17 10:01:40.609;SEEK;rtmp://thalassa.statsbiblioteket.dk:1935/mediestream?ticket=03809560-ef15-4f0e-b487-74daad6b5c01//flv:c3aee4be-8441-409b-bb24-3917bed122d2;{"everybody":["yes"],"SBIPRoleMapper":["digitaleaarboeger","inhouse","marctab","sbmusic"]}
2013-06-17 10:01:45.206;PLAY;rtmp://thalassa.statsbiblioteket.dk:1935/mediestream?ticket=98aee2df-cf72-4fff-b02a-8a72610d0ee5//flv:8dfe1978-ba00-4cae-bbf5-edae5e0e4b9a;{"everybody":["yes"],"SBIPRoleMapper":["aucampus","csa","digitaleaarboeger","inhouse","marctab","sbmusic"]}
2013-06-17 10:01:49.619;SEEK;rtmp://thalassa.statsbiblioteket.dk:1935/mediestream?ticket=98aee2df-cf72-4fff-b02a-8a72610d0ee5//flv:8dfe1978-ba00-4cae-bbf5-edae5e0e4b9a;{"everybody":["yes"],"SBIPRoleMapper":["aucampus","csa","digitaleaarboeger","inhouse","marctab","sbmusic"]}
2013-06-17 10:03:15.551;PAUSE;rtmp://thalassa.statsbiblioteket.dk:1935/mediestream?ticket=98aee2df-cf72-4fff-b02a-8a72610d0ee5//flv:8dfe1978-ba00-4cae-bbf5-edae5e0e4b9a;{"everybody":["yes"],"SBIPRoleMapper":["aucampus","csa","digitaleaarboeger","inhouse","marctab","sbmusic"]}
2013-06-17 10:03:22.778;SEEK;rtmp://thalassa.statsbiblioteket.dk:1935/mediestream?ticket=d7152e42-d65e-4a8c-9b9b-281ff1ffcdc4//flv:6660bae2-4a58-442c-83da-a3c40f602a99;{"everybody":["yes"],"SBIPRoleMapper":["digitaleaarboeger","inhouse","marctab","sbmusic"]}
2013-06-17 10:03:23.716;SEEK;rtmp://thalassa.statsbiblioteket.dk:1935/mediestream?ticket=d7152e42-d65e-4a8c-9b9b-281ff1ffcdc4//flv:6660bae2-4a58-442c-83da-a3c40f602a99;{"everybody":["yes"],"SBIPRoleMapper":["digitaleaarboeger","inhouse","marctab","sbmusic"]}
2013-06-17 10:03:24.578;SEEK;rtmp://thalassa.statsbiblioteket.dk:1935/mediestream?ticket=d7152e42-d65e-4a8c-9b9b-281ff1ffcdc4//flv:6660bae2-4a58-442c-83da-a3c40f602a99;{"everybody":["yes"],"SBIPRoleMapper":["digitaleaarboeger","inhouse","marctab","sbmusic"]}
2013-06-17 10:03:27.165;PAUSE;rtmp://thalassa.statsbiblioteket.dk:1935/mediestream?ticket=d7152e42-d65e-4a8c-9b9b-281ff1ffcdc4//flv:6660bae2-4a58-442c-83da-a3c40f602a99;{"everybody":["yes"],"SBIPRoleMapper":["digitaleaarboeger","inhouse","marctab","sbmusic"]}
2013-06-17 10:03:27.592;PLAY;rtmp://thalassa.statsbiblioteket.dk:1935/mediestream?ticket=ad9cafdd-807f-4e8f-8ff4-1cc738cf1386//flv:07aa8e03-cf7d-46ae-8ad2-66ac05c18ca5;{"everybody":["yes"],"SBIPRoleMapper":["aucampus","csa","digitaleaarboeger","inhouse","marctab","sbmusic"]}
2013-06-17 10:03:33.564;STOP;rtmp://thalassa.statsbiblioteket.dk:1935/mediestream?ticket=d7152e42-d65e-4a8c-9b9b-281ff1ffcdc4//flv:6660bae2-4a58-442c-83da-a3c40f602a99;{"everybody":["yes"],"SBIPRoleMapper":["digitaleaarboeger","inhouse","marctab","sbmusic"]}
2013-06-17 10:03:44.662;PLAY;rtmp://thalassa.statsbiblioteket.dk:1935/mediestream?ticket=ec63691e-ff2a-4ade-a58d-534accf429fb//flv:a67674e4-dfa6-46b7-bea2-03f2a493dd8f;{"everybody":["yes"],"SBIPRoleMapper":["digitaleaarboeger","inhouse","marctab","sbmusic"]}
2013-06-17 10:03:45.973;SEEK;rtmp://thalassa.statsbiblioteket.dk:1935/mediestream?ticket=ec63691e-ff2a-4ade-a58d-534accf429fb//flv:a67674e4-dfa6-46b7-bea2-03f2a493dd8f;{"everybody":["yes"],"SBIPRoleMapper":["digitaleaarboeger","inhouse","marctab","sbmusic"]}
2013-06-17 10:03:49.090;SEEK;rtmp://thalassa.statsbiblioteket.dk:1935/mediestream?ticket=ec63691e-ff2a-4ade-a58d-534accf429fb//flv:a67674e4-dfa6-46b7-bea2-03f2a493dd8f;{"everybody":["yes"],"SBIPRoleMapper":["digitaleaarboeger","inhouse","marctab","sbmusic"]}
2013-06-17 10:03:50.880;SEEK;rtmp://thalassa.statsbiblioteket.dk:1935/mediestream?ticket=ec63691e-ff2a-4ade-a58d-534accf429fb//flv:a67674e4-dfa6-46b7-bea2-03f2a493dd8f;{"everybody":["yes"],"SBIPRoleMapper":["digitaleaarboeger","inhouse","marctab","sbmusic"]}
2013-06-17 10:03:52.844;SEEK;rtmp://thalassa.statsbiblioteket.dk:1935/mediestream?ticket=ec63691e-ff2a-4ade-a58d-534accf429fb//flv:a67674e4-dfa6-46b7-bea2-03f2a493dd8f;{"everybody":["yes"],"SBIPRoleMapper":["digitaleaarboeger","inhouse","marctab","sbmusic"]}
2013-06-17 10:03:53.600;SEEK;rtmp://thalassa.statsbiblioteket.dk:1935/mediestream?ticket=ec63691e-ff2a-4ade-a58d-534accf429fb//flv:a67674e4-dfa6-46b7-bea2-03f2a493dd8f;{"everybody":["yes"],"SBIPRoleMapper":["digitaleaarboeger","inhouse","marctab","sbmusic"]}
2013-06-17 10:03:54.225;SEEK;rtmp://thalassa.statsbiblioteket.dk:1935/mediestream?ticket=ec63691e-ff2a-4ade-a58d-534accf429fb//flv:a67674e4-dfa6-46b7-bea2-03f2a493dd8f;{"everybody":["yes"],"SBIPRoleMapper":["digitaleaarboeger","inhouse","marctab","sbmusic"]}
2013-06-17 10:03:54.795;SEEK;rtmp://thalassa.statsbiblioteket.dk:1935/mediestream?ticket=ec63691e-ff2a-4ade-a58d-534accf429fb//flv:a67674e4-dfa6-46b7-bea2-03f2a493dd8f;{"everybody":["yes"],"SBIPRoleMapper":["digitaleaarboeger","inhouse","marctab","sbmusic"]}
2013-06-17 10:03:55.515;SEEK;rtmp://thalassa.statsbiblioteket.dk:1935/mediestream?ticket=ec63691e-ff2a-4ade-a58d-534accf429fb//flv:a67674e4-dfa6-46b7-bea2-03f2a493dd8f;{"everybody":["yes"],"SBIPRoleMapper":["digitaleaarboeger","inhouse","marctab","sbmusic"]}
2013-06-17 10:03:56.010;SEEK;rtmp://thalassa.statsbiblioteket.dk:1935/mediestream?ticket=ec63691e-ff2a-4ade-a58d-534accf429fb//flv:a67674e4-dfa6-46b7-bea2-03f2a493dd8f;{"everybody":["yes"],"SBIPRoleMapper":["digitaleaarboeger","inhouse","marctab","sbmusic"]}
2013-06-17 10:03:56.531;SEEK;rtmp://thalassa.statsbiblioteket.dk:1935/mediestream?ticket=ec63691e-ff2a-4ade-a58d-534accf429fb//flv:a67674e4-dfa6-46b7-bea2-03f2a493dd8f;{"everybody":["yes"],"SBIPRoleMapper":["digitaleaarboeger","inhouse","marctab","sbmusic"]}
2013-06-17 10:03:57.544;SEEK;rtmp://thalassa.statsbiblioteket.dk:1935/mediestream?ticket=ec63691e-ff2a-4ade-a58d-534accf429fb//flv:a67674e4-dfa6-46b7-bea2-03f2a493dd8f;{"everybody":["yes"],"SBIPRoleMapper":["digitaleaarboeger","inhouse","marctab","sbmusic"]}
2013-06-17 10:04:00.922;STOP;rtmp://thalassa.statsbiblioteket.dk:1935/mediestream?ticket=ec63691e-ff2a-4ade-a58d-534accf429fb//flv:a67674e4-dfa6-46b7-bea2-03f2a493dd8f;{"everybody":["yes"],"SBIPRoleMapper":["digitaleaarboeger","inhouse","marctab","sbmusic"]}
2013-06-17 10:04:07.552;STOP;rtmp://thalassa.statsbiblioteket.dk:1935/mediestream?ticket=ad9cafdd-807f-4e8f-8ff4-1cc738cf1386//flv:07aa8e03-cf7d-46ae-8ad2-66ac05c18ca5;{"everybody":["yes"],"SBIPRoleMapper":["aucampus","csa","digitaleaarboeger","inhouse","marctab","sbmusic"]}
2013-06-17 10:04:09.073;PLAY;rtmp://thalassa.statsbiblioteket.dk:1935/mediestream?ticket=8444b1b9-112c-407a-a340-b92cfdc5dc34//flv:847c116d-a768-4edb-9865-6a495e96bc54;{"everybody":["yes"],"SBIPRoleMapper":["aucampus","csa","digitaleaarboeger","inhouse","marctab","sbmusic"]}
2013-06-17 10:04:11.770;PAUSE;rtmp://thalassa.statsbiblioteket.dk:1935/mediestream?ticket=98aee2df-cf72-4fff-b02a-8a72610d0ee5//flv:8dfe1978-ba00-4cae-bbf5-edae5e0e4b9a;{"everybody":["yes"],"SBIPRoleMapper":["aucampus","csa","digitaleaarboeger","inhouse","marctab","sbmusic"]}
2013-06-17 10:04:18.221;STOP;rtmp://thalassa.statsbiblioteket.dk:1935/mediestream?ticket=03809560-ef15-4f0e-b487-74daad6b5c01//flv:c3aee4be-8441-409b-bb24-3917bed122d2;{"everybody":["yes"],"SBIPRoleMapper":["digitaleaarboeger","inhouse","marctab","sbmusic"]}
2013-06-17 10:04:22.138;STOP;rtmp://thalassa.statsbiblioteket.dk:1935/mediestream?ticket=8444b1b9-112c-407a-a340-b92cfdc5dc34//flv:847c116d-a768-4edb-9865-6a495e96bc54;{"everybody":["yes"],"SBIPRoleMapper":["aucampus","csa","digitaleaarboeger","inhouse","marctab","sbmusic"]}
2013-06-17 10:04:22.463;PLAY;rtmp://thalassa.statsbiblioteket.dk:1935/mediestream?ticket=67531e24-10ad-425b-97a3-6c786b56120e//flv:847c116d-a768-4edb-9865-6a495e96bc54;{"everybody":["yes"],"SBIPRoleMapper":["aucampus","csa","digitaleaarboeger","inhouse","marctab","sbmusic"]}
2013-06-17 10:04:28.886;PLAY;rtmp://thalassa.statsbiblioteket.dk:1935/mediestream?ticket=a9c2ac33-3401-4582-b3f3-f3ab416355c1//flv:89e8fc45-21d6-4b64-8db3-be668380f0de;{"everybody":["yes"],"SBIPRoleMapper":["digitaleaarboeger","inhouse","marctab","sbmusic"]}
2013-06-17 10:04:31.050;SEEK;rtmp://thalassa.statsbiblioteket.dk:1935/mediestream?ticket=a9c2ac33-3401-4582-b3f3-f3ab416355c1//flv:89e8fc45-21d6-4b64-8db3-be668380f0de;{"everybody":["yes"],"SBIPRoleMapper":["digitaleaarboeger","inhouse","marctab","sbmusic"]}
2013-06-17 10:04:31.549;SEEK;rtmp://thalassa.statsbiblioteket.dk:1935/mediestream?ticket=a9c2ac33-3401-4582-b3f3-f3ab416355c1//flv:89e8fc45-21d6-4b64-8db3-be668380f0de;{"everybody":["yes"],"SBIPRoleMapper":["digitaleaarboeger","inhouse","marctab","sbmusic"]}
2013-06-17 10:04:31.958;SEEK;rtmp://thalassa.statsbiblioteket.dk:1935/mediestream?ticket=a9c2ac33-3401-4582-b3f3-f3ab416355c1//flv:89e8fc45-21d6-4b64-8db3-be668380f0de;{"everybody":["yes"],"SBIPRoleMapper":["digitaleaarboeger","inhouse","marctab","sbmusic"]}
2013-06-17 10:04:34.151;STOP;rtmp://thalassa.statsbiblioteket.dk:1935/mediestream?ticket=a9c2ac33-3401-4582-b3f3-f3ab416355c1//flv:89e8fc45-21d6-4b64-8db3-be668380f0de;{"everybody":["yes"],"SBIPRoleMapper":["digitaleaarboeger","inhouse","marctab","sbmusic"]}
2013-06-17 10:05:11.267;PLAY;rtmp://thalassa.statsbiblioteket.dk:1935/mediestream?ticket=169eca84-0b1a-489e-9207-8a12591832ac//flv:3a6f660f-d560-42e4-ab3b-fadad79af3b0;{"everybody":["yes"],"SBIPRoleMapper":["digitaleaarboeger","inhouse","marctab","sbmusic"]}
2013-06-17 10:05:13.272;SEEK;rtmp://thalassa.statsbiblioteket.dk:1935/mediestream?ticket=169eca84-0b1a-489e-9207-8a12591832ac//flv:3a6f660f-d560-42e4-ab3b-fadad79af3b0;{"everybody":["yes"],"SBIPRoleMapper":["digitaleaarboeger","inhouse","marctab","sbmusic"]}
2013-06-17 10:05:14.292;SEEK;rtmp://thalassa.statsbiblioteket.dk:1935/mediestream?ticket=169eca84-0b1a-489e-9207-8a12591832ac//flv:3a6f660f-d560-42e4-ab3b-fadad79af3b0;{"everybody":["yes"],"SBIPRoleMapper":["digitaleaarboeger","inhouse","marctab","sbmusic"]}
2013-06-17 10:05:14.357;PLAY;rtmp://thalassa.statsbiblioteket.dk:1935/mediestream?ticket=1f578951-d39f-4100-a7dd-dbd8a777ca6a//flv:847c116d-a768-4edb-9865-6a495e96bc54;{"everybody":["yes"],"SBIPRoleMapper":["aucampus","csa","digitaleaarboeger","inhouse","marctab","sbmusic"]}
2013-06-17 10:05:15.750;SEEK;rtmp://thalassa.statsbiblioteket.dk:1935/mediestream?ticket=169eca84-0b1a-489e-9207-8a12591832ac//flv:3a6f660f-d560-42e4-ab3b-fadad79af3b0;{"everybody":["yes"],"SBIPRoleMapper":["digitaleaarboeger","inhouse","marctab","sbmusic"]}
2013-06-17 10:05:16.920;SEEK;rtmp://thalassa.statsbiblioteket.dk:1935/mediestream?ticket=169eca84-0b1a-489e-9207-8a12591832ac//flv:3a6f660f-d560-42e4-ab3b-fadad79af3b0;{"everybody":["yes"],"SBIPRoleMapper":["digitaleaarboeger","inhouse","marctab","sbmusic"]}
2013-06-17 10:05:18.681;SEEK;rtmp://thalassa.statsbiblioteket.dk:1935/mediestream?ticket=169eca84-0b1a-489e-9207-8a12591832ac//flv:3a6f660f-d560-42e4-ab3b-fadad79af3b0;{"everybody":["yes"],"SBIPRoleMapper":["digitaleaarboeger","inhouse","marctab","sbmusic"]}
2013-06-17 10:05:20.151;SEEK;rtmp://thalassa.statsbiblioteket.dk:1935/mediestream?ticket=169eca84-0b1a-489e-9207-8a12591832ac//flv:3a6f660f-d560-42e4-ab3b-fadad79af3b0;{"everybody":["yes"],"SBIPRoleMapper":["digitaleaarboeger","inhouse","marctab","sbmusic"]}
2013-06-17 10:05:33.460;SEEK;rtmp://thalassa.statsbiblioteket.dk:1935/mediestream?ticket=169eca84-0b1a-489e-9207-8a12591832ac//flv:3a6f660f-d560-42e4-ab3b-fadad79af3b0;{"everybody":["yes"],"SBIPRoleMapper":["digitaleaarboeger","inhouse","marctab","sbmusic"]}
2013-06-17 10:05:35.010;SEEK;rtmp://thalassa.statsbiblioteket.dk:1935/mediestream?ticket=169eca84-0b1a-489e-9207-8a12591832ac//flv:3a6f660f-d560-42e4-ab3b-fadad79af3b0;{"everybody":["yes"],"SBIPRoleMapper":["digitaleaarboeger","inhouse","marctab","sbmusic"]}
2013-06-17 10:05:37.380;SEEK;rtmp://thalassa.statsbiblioteket.dk:1935/mediestream?ticket=169eca84-0b1a-489e-9207-8a12591832ac//flv:3a6f660f-d560-42e4-ab3b-fadad79af3b0;{"everybody":["yes"],"SBIPRoleMapper":["digitaleaarboeger","inhouse","marctab","sbmusic"]}
2013-06-17 10:05:38.755;SEEK;rtmp://thalassa.statsbiblioteket.dk:1935/mediestream?ticket=169eca84-0b1a-489e-9207-8a12591832ac//flv:3a6f660f-d560-42e4-ab3b-fadad79af3b0;{"everybody":["yes"],"SBIPRoleMapper":["digitaleaarboeger","inhouse","marctab","sbmusic"]}
2013-06-17 10:05:40.383;PAUSE;rtmp://thalassa.statsbiblioteket.dk:1935/mediestream?ticket=169eca84-0b1a-489e-9207-8a12591832ac//flv:3a6f660f-d560-42e4-ab3b-fadad79af3b0;{"everybody":["yes"],"SBIPRoleMapper":["digitaleaarboeger","inhouse","marctab","sbmusic"]}
2013-06-17 10:05:48.078;PAUSE;rtmp://thalassa.statsbiblioteket.dk:1935/mediestream?ticket=169eca84-0b1a-489e-9207-8a12591832ac//flv:3a6f660f-d560-42e4-ab3b-fadad79af3b0;{"everybody":["yes"],"SBIPRoleMapper":["digitaleaarboeger","inhouse","marctab","sbmusic"]}
2013-06-17 10:05:48.097;PAUSE;rtmp://thalassa.statsbiblioteket.dk:1935/mediestream?ticket=169eca84-0b1a-489e-9207-8a12591832ac//flv:3a6f660f-d560-42e4-ab3b-fadad79af3b0;{"everybody":["yes"],"SBIPRoleMapper":["digitaleaarboeger","inhouse","marctab","sbmusic"]}
2013-06-17 10:05:48.258;SEEK;rtmp://thalassa.statsbiblioteket.dk:1935/mediestream?ticket=169eca84-0b1a-489e-9207-8a12591832ac//flv:3a6f660f-d560-42e4-ab3b-fadad79af3b0;{"everybody":["yes"],"SBIPRoleMapper":["digitaleaarboeger","inhouse","marctab","sbmusic"]}
2013-06-17 10:05:52.261;SEEK;rtmp://thalassa.statsbiblioteket.dk:1935/mediestream?ticket=169eca84-0b1a-489e-9207-8a12591832ac//flv:3a6f660f-d560-42e4-ab3b-fadad79af3b0;{"everybody":["yes"],"SBIPRoleMapper":["digitaleaarboeger","inhouse","marctab","sbmusic"]}
2013-06-17 10:05:53.024;SEEK;rtmp://thalassa.statsbiblioteket.dk:1935/mediestream?ticket=169eca84-0b1a-489e-9207-8a12591832ac//flv:3a6f660f-d560-42e4-ab3b-fadad79af3b0;{"everybody":["yes"],"SBIPRoleMapper":["digitaleaarboeger","inhouse","marctab","sbmusic"]}
2013-06-17 10:05:54.135;SEEK;rtmp://thalassa.statsbiblioteket.dk:1935/mediestream?ticket=169eca84-0b1a-489e-9207-8a12591832ac//flv:3a6f660f-d560-42e4-ab3b-fadad79af3b0;{"everybody":["yes"],"SBIPRoleMapper":["digitaleaarboeger","inhouse","marctab","sbmusic"]}
2013-06-17 10:05:54.935;SEEK;rtmp://thalassa.statsbiblioteket.dk:1935/mediestream?ticket=169eca84-0b1a-489e-9207-8a12591832ac//flv:3a6f660f-d560-42e4-ab3b-fadad79af3b0;{"everybody":["yes"],"SBIPRoleMapper":["digitaleaarboeger","inhouse","marctab","sbmusic"]}
2013-06-17 10:06:14.487;STOP;rtmp://thalassa.statsbiblioteket.dk:1935/mediestream?ticket=169eca84-0b1a-489e-9207-8a12591832ac//flv:3a6f660f-d560-42e4-ab3b-fadad79af3b0;{"everybody":["yes"],"SBIPRoleMapper":["digitaleaarboeger","inhouse","marctab","sbmusic"]}
2013-06-17 10:07:24.191;STOP;rtmp://thalassa.statsbiblioteket.dk:1935/mediestream?ticket=67531e24-10ad-425b-97a3-6c786b56120e//flv:847c116d-a768-4edb-9865-6a495e96bc54;{"everybody":["yes"],"SBIPRoleMapper":["aucampus","csa","digitaleaarboeger","inhouse","marctab","sbmusic"]}
2013-06-17 10:07:42.949;STOP;rtmp://thalassa.statsbiblioteket.dk:1935/mediestream?ticket=1f578951-d39f-4100-a7dd-dbd8a777ca6a//flv:847c116d-a768-4edb-9865-6a495e96bc54;{"everybody":["yes"],"SBIPRoleMapper":["aucampus","csa","digitaleaarboeger","inhouse","marctab","sbmusic"]}
2013-06-17 10:07:45.842;PLAY;rtmp://thalassa.statsbiblioteket.dk:1935/mediestream?ticket=0ec6c566-568e-4e83-a6cc-add0204c0237//flv:847c116d-a768-4edb-9865-6a495e96bc54;{"everybody":["yes"],"SBIPRoleMapper":["aucampus","csa","digitaleaarboeger","inhouse","marctab","sbmusic"]}
2013-06-17 10:07:59.758;STOP;rtmp://thalassa.statsbiblioteket.dk:1935/mediestream?ticket=0ec6c566-568e-4e83-a6cc-add0204c0237//flv:847c116d-a768-4edb-9865-6a495e96bc54;{"everybody":["yes"],"SBIPRoleMapper":["aucampus","csa","digitaleaarboeger","inhouse","marctab","sbmusic"]}
2013-06-17 10:08:00.068;PLAY;rtmp://thalassa.statsbiblioteket.dk:1935/mediestream?ticket=e330826c-b7ea-4a23-983b-b61a3334ff8a//flv:847c116d-a768-4edb-9865-6a495e96bc54;{"everybody":["yes"],"SBIPRoleMapper":["aucampus","csa","digitaleaarboeger","inhouse","marctab","sbmusic"]}
2013-06-17 10:08:04.585;PLAY;rtmp://thalassa.statsbiblioteket.dk:1935/mediestream?ticket=639958af-58a4-4750-8dea-99104e8f0a97//flv:23eef937-2cbd-40dd-aa9a-c959329bec7e;{"everybody":["yes"],"SBIPRoleMapper":["digitaleaarboeger","inhouse","marctab","sbmusic"]}
2013-06-17 10:08:07.279;SEEK;rtmp://thalassa.statsbiblioteket.dk:1935/mediestream?ticket=639958af-58a4-4750-8dea-99104e8f0a97//flv:23eef937-2cbd-40dd-aa9a-c959329bec7e;{"everybody":["yes"],"SBIPRoleMapper":["digitaleaarboeger","inhouse","marctab","sbmusic"]}
2013-06-17 10:08:07.742;SEEK;rtmp://thalassa.statsbiblioteket.dk:1935/mediestream?ticket=639958af-58a4-4750-8dea-99104e8f0a97//flv:23eef937-2cbd-40dd-aa9a-c959329bec7e;{"everybody":["yes"],"SBIPRoleMapper":["digitaleaarboeger","inhouse","marctab","sbmusic"]}
2013-06-17 10:08:08.338;SEEK;rtmp://thalassa.statsbiblioteket.dk:1935/mediestream?ticket=639958af-58a4-4750-8dea-99104e8f0a97//flv:23eef937-2cbd-40dd-aa9a-c959329bec7e;{"everybody":["yes"],"SBIPRoleMapper":["digitaleaarboeger","inhouse","marctab","sbmusic"]}
2013-06-17 10:08:10.182;SEEK;rtmp://thalassa.statsbiblioteket.dk:1935/mediestream?ticket=639958af-58a4-4750-8dea-99104e8f0a97//flv:23eef937-2cbd-40dd-aa9a-c959329bec7e;{"everybody":["yes"],"SBIPRoleMapper":["digitaleaarboeger","inhouse","marctab","sbmusic"]}
2013-06-17 10:08:13.977;STOP;rtmp://thalassa.statsbiblioteket.dk:1935/mediestream?ticket=e330826c-b7ea-4a23-983b-b61a3334ff8a//flv:847c116d-a768-4edb-9865-6a495e96bc54;{"everybody":["yes"],"SBIPRoleMapper":["aucampus","csa","digitaleaarboeger","inhouse","marctab","sbmusic"]}
2013-06-17 10:08:15.943;STOP;rtmp://thalassa.statsbiblioteket.dk:1935/mediestream?ticket=639958af-58a4-4750-8dea-99104e8f0a97//flv:23eef937-2cbd-40dd-aa9a-c959329bec7e;{"everybody":["yes"],"SBIPRoleMapper":["digitaleaarboeger","inhouse","marctab","sbmusic"]}
2013-06-17 10:08:47.002;PLAY;rtmp://thalassa.statsbiblioteket.dk:1935/mediestream?ticket=a0554332-133a-4c87-b9f6-cd09586e66a3//flv:28899d76-c807-45f9-9131-d0402bf7bb37;{"everybody":["yes"],"SBIPRoleMapper":["digitaleaarboeger","inhouse","marctab","sbmusic"]}
2013-06-17 10:08:49.892;STOP;rtmp://thalassa.statsbiblioteket.dk:1935/mediestream?ticket=98aee2df-cf72-4fff-b02a-8a72610d0ee5//flv:8dfe1978-ba00-4cae-bbf5-edae5e0e4b9a;{"everybody":["yes"],"SBIPRoleMapper":["aucampus","csa","digitaleaarboeger","inhouse","marctab","sbmusic"]}
2013-06-17 10:08:53.708;SEEK;rtmp://thalassa.statsbiblioteket.dk:1935/mediestream?ticket=a0554332-133a-4c87-b9f6-cd09586e66a3//flv:28899d76-c807-45f9-9131-d0402bf7bb37;{"everybody":["yes"],"SBIPRoleMapper":["digitaleaarboeger","inhouse","marctab","sbmusic"]}
2013-06-17 10:08:55.603;SEEK;rtmp://thalassa.statsbiblioteket.dk:1935/mediestream?ticket=a0554332-133a-4c87-b9f6-cd09586e66a3//flv:28899d76-c807-45f9-9131-d0402bf7bb37;{"everybody":["yes"],"SBIPRoleMapper":["digitaleaarboeger","inhouse","marctab","sbmusic"]}
2013-06-17 10:08:56.840;SEEK;rtmp://thalassa.statsbiblioteket.dk:1935/mediestream?ticket=a0554332-133a-4c87-b9f6-cd09586e66a3//flv:28899d76-c807-45f9-9131-d0402bf7bb37;{"everybody":["yes"],"SBIPRoleMapper":["digitaleaarboeger","inhouse","marctab","sbmusic"]}
2013-06-17 10:08:57.935;SEEK;rtmp://thalassa.statsbiblioteket.dk:1935/mediestream?ticket=a0554332-133a-4c87-b9f6-cd09586e66a3//flv:28899d76-c807-45f9-9131-d0402bf7bb37;{"everybody":["yes"],"SBIPRoleMapper":["digitaleaarboeger","inhouse","marctab","sbmusic"]}
2013-06-17 10:08:59.294;SEEK;rtmp://thalassa.statsbiblioteket.dk:1935/mediestream?ticket=a0554332-133a-4c87-b9f6-cd09586e66a3//flv:28899d76-c807-45f9-9131-d0402bf7bb37;{"everybody":["yes"],"SBIPRoleMapper":["digitaleaarboeger","inhouse","marctab","sbmusic"]}
2013-06-17 10:09:00.122;PLAY;rtmp://thalassa.statsbiblioteket.dk:1935/mediestream?ticket=0a7217e4-f5f5-4205-8855-7776b9eea4f7//flv:4c70a719-49e0-40e8-a975-7947754a2549;{"everybody":["yes"],"SBIPRoleMapper":["aucampus","csa","digitaleaarboeger","inhouse","marctab","sbmusic"]}
2013-06-17 10:09:00.749;SEEK;rtmp://thalassa.statsbiblioteket.dk:1935/mediestream?ticket=a0554332-133a-4c87-b9f6-cd09586e66a3//flv:28899d76-c807-45f9-9131-d0402bf7bb37;{"everybody":["yes"],"SBIPRoleMapper":["digitaleaarboeger","inhouse","marctab","sbmusic"]}
2013-06-17 10:09:05.209;PAUSE;rtmp://thalassa.statsbiblioteket.dk:1935/mediestream?ticket=0a7217e4-f5f5-4205-8855-7776b9eea4f7//flv:4c70a719-49e0-40e8-a975-7947754a2549;{"everybody":["yes"],"SBIPRoleMapper":["aucampus","csa","digitaleaarboeger","inhouse","marctab","sbmusic"]}
2013-06-17 10:09:10.936;SEEK;rtmp://thalassa.statsbiblioteket.dk:1935/mediestream?ticket=a0554332-133a-4c87-b9f6-cd09586e66a3//flv:28899d76-c807-45f9-9131-d0402bf7bb37;{"everybody":["yes"],"SBIPRoleMapper":["digitaleaarboeger","inhouse","marctab","sbmusic"]}
2013-06-17 10:09:12.700;SEEK;rtmp://thalassa.statsbiblioteket.dk:1935/mediestream?ticket=a0554332-133a-4c87-b9f6-cd09586e66a3//flv:28899d76-c807-45f9-9131-d0402bf7bb37;{"everybody":["yes"],"SBIPRoleMapper":["digitaleaarboeger","inhouse","marctab","sbmusic"]}
2013-06-17 10:09:14.572;SEEK;rtmp://thalassa.statsbiblioteket.dk:1935/mediestream?ticket=a0554332-133a-4c87-b9f6-cd09586e66a3//flv:28899d76-c807-45f9-9131-d0402bf7bb37;{"everybody":["yes"],"SBIPRoleMapper":["digitaleaarboeger","inhouse","marctab","sbmusic"]}
2013-06-17 10:09:57.061;STOP;rtmp://thalassa.statsbiblioteket.dk:1935/mediestream?ticket=0a7217e4-f5f5-4205-8855-7776b9eea4f7//flv:4c70a719-49e0-40e8-a975-7947754a2549;{"everybody":["yes"],"SBIPRoleMapper":["aucampus","csa","digitaleaarboeger","inhouse","marctab","sbmusic"]}
2013-06-17 10:11:34.865;STOP;rtmp://thalassa.statsbiblioteket.dk:1935/mediestream?ticket=a0554332-133a-4c87-b9f6-cd09586e66a3//flv:28899d76-c807-45f9-9131-d0402bf7bb37;{"everybody":["yes"],"SBIPRoleMapper":["digitaleaarboeger","inhouse","marctab","sbmusic"]}
2013-06-17 10:15:09.741;PLAY;rtmp://thalassa.statsbiblioteket.dk:1935/mediestream?ticket=f6495e27-d590-416d-a855-a4d87c78749a//flv:3a6f660f-d560-42e4-ab3b-fadad79af3b0;{"everybody":["yes"],"SBIPRoleMapper":["digitaleaarboeger","inhouse","marctab","sbmusic"]}
2013-06-17 10:15:21.541;SEEK;rtmp://thalassa.statsbiblioteket.dk:1935/mediestream?ticket=f6495e27-d590-416d-a855-a4d87c78749a//flv:3a6f660f-d560-42e4-ab3b-fadad79af3b0;{"everybody":["yes"],"SBIPRoleMapper":["digitaleaarboeger","inhouse","marctab","sbmusic"]}
2013-06-17 10:15:23.219;SEEK;rtmp://thalassa.statsbiblioteket.dk:1935/mediestream?ticket=f6495e27-d590-416d-a855-a4d87c78749a//flv:3a6f660f-d560-42e4-ab3b-fadad79af3b0;{"everybody":["yes"],"SBIPRoleMapper":["digitaleaarboeger","inhouse","marctab","sbmusic"]}
2013-06-17 10:15:24.013;SEEK;rtmp://thalassa.statsbiblioteket.dk:1935/mediestream?ticket=f6495e27-d590-416d-a855-a4d87c78749a//flv:3a6f660f-d560-42e4-ab3b-fadad79af3b0;{"everybody":["yes"],"SBIPRoleMapper":["digitaleaarboeger","inhouse","marctab","sbmusic"]}
2013-06-17 10:15:25.082;SEEK;rtmp://thalassa.statsbiblioteket.dk:1935/mediestream?ticket=f6495e27-d590-416d-a855-a4d87c78749a//flv:3a6f660f-d560-42e4-ab3b-fadad79af3b0;{"everybody":["yes"],"SBIPRoleMapper":["digitaleaarboeger","inhouse","marctab","sbmusic"]}
2013-06-17 10:15:30.707;STOP;rtmp://thalassa.statsbiblioteket.dk:1935/mediestream?ticket=f6495e27-d590-416d-a855-a4d87c78749a//flv:3a6f660f-d560-42e4-ab3b-fadad79af3b0;{"everybody":["yes"],"SBIPRoleMapper":["digitaleaarboeger","inhouse","marctab","sbmusic"]}
2013-06-17 10:27:31.876;PLAY;rtmp://thalassa.statsbiblioteket.dk:1935/mediestream?ticket=9b67b69f-91c9-4bbf-879a-3ccce2457b7c//flv:77ac53f2-f66a-48cd-aa76-813241168707;{"everybody":["yes"],"SBIPRoleMapper":["digitaleaarboeger","inhouse","marctab","sbmusic"]}
2013-06-17 10:27:58.383;PAUSE;rtmp://thalassa.statsbiblioteket.dk:1935/mediestream?ticket=9b67b69f-91c9-4bbf-879a-3ccce2457b7c//flv:77ac53f2-f66a-48cd-aa76-813241168707;{"everybody":["yes"],"SBIPRoleMapper":["digitaleaarboeger","inhouse","marctab","sbmusic"]}
2013-06-17 10:28:43.783;PLAY;rtmp://thalassa.statsbiblioteket.dk:1935/mediestream?ticket=d82a374b-a23b-4ecd-922d-34f4754f130e//flv:70ae72a9-68ca-4eff-aa3a-6f7b2494b8ce;{"everybody":["yes"],"SBIPRoleMapper":["digitaleaarboeger","inhouse","marctab","sbmusic"]}
2013-06-17 10:28:54.668;PAUSE;rtmp://thalassa.statsbiblioteket.dk:1935/mediestream?ticket=9b67b69f-91c9-4bbf-879a-3ccce2457b7c//flv:77ac53f2-f66a-48cd-aa76-813241168707;{"everybody":["yes"],"SBIPRoleMapper":["digitaleaarboeger","inhouse","marctab","sbmusic"]}
2013-06-17 10:29:51.599;PLAY;rtmp://thalassa.statsbiblioteket.dk:1935/mediestream?ticket=a19051ed-3192-4233-937b-3f5b065b5e0b//flv:87431660-8e60-41a6-aad6-0109bd907a9b;{"everybody":["yes"],"SBIPRoleMapper":["aucampus","csa","digitaleaarboeger","inhouse","marctab","sbmusic"]}
2013-06-17 10:30:22.634;STOP;rtmp://thalassa.statsbiblioteket.dk:1935/mediestream?ticket=a19051ed-3192-4233-937b-3f5b065b5e0b//flv:87431660-8e60-41a6-aad6-0109bd907a9b;{"everybody":["yes"],"SBIPRoleMapper":["aucampus","csa","digitaleaarboeger","inhouse","marctab","sbmusic"]}
2013-06-17 10:31:46.870;PLAY;rtmp://thalassa.statsbiblioteket.dk:1935/mediestream?ticket=a19051ed-3192-4233-937b-3f5b065b5e0b//flv:87431660-8e60-41a6-aad6-0109bd907a9b;{"everybody":["yes"],"SBIPRoleMapper":["aucampus","csa","digitaleaarboeger","inhouse","marctab","sbmusic"]}
2013-06-17 10:31:54.027;STOP;rtmp://thalassa.statsbiblioteket.dk:1935/mediestream?ticket=a19051ed-3192-4233-937b-3f5b065b5e0b//flv:87431660-8e60-41a6-aad6-0109bd907a9b;{"everybody":["yes"],"SBIPRoleMapper":["aucampus","csa","digitaleaarboeger","inhouse","marctab","sbmusic"]}
2013-06-17 10:33:01.646;PLAY;rtmp://thalassa.statsbiblioteket.dk:1935/mediestream?ticket=5283bfca-14ca-4d65-b768-58e526525ab6//flv:d71c491a-4e76-4a26-ac66-fe1939c3230e;{"everybody":["yes"],"SBIPRoleMapper":["digitaleaarboeger","inhouse","marctab","sbmusic"]}
2013-06-17 10:33:03.965;PLAY;rtmp://thalassa.statsbiblioteket.dk:1935/mediestream?ticket=40f7e80c-48a4-47a6-a766-51db8b274fce//flv:44886759-b4d9-4a58-bab6-da1cd0a1982b;{"everybody":["yes"],"SBIPRoleMapper":["aucampus","csa","digitaleaarboeger","inhouse","marctab","sbmusic"]}
2013-06-17 10:33:18.758;STOP;rtmp://thalassa.statsbiblioteket.dk:1935/mediestream?ticket=5283bfca-14ca-4d65-b768-58e526525ab6//flv:d71c491a-4e76-4a26-ac66-fe1939c3230e;{"everybody":["yes"],"SBIPRoleMapper":["digitaleaarboeger","inhouse","marctab","sbmusic"]}
2013-06-17 10:33:56.478;PLAY;rtmp://thalassa.statsbiblioteket.dk:1935/mediestream?ticket=7c038be3-a0ea-40ed-bad3-abbbcffa8c79//mp3:f730293a-4f6f-42a4-8f92-32d2c72c0589;{"everybody":["yes"],"SBIPRoleMapper":["digitaleaarboeger","inhouse","marctab","sbmusic"]}
2013-06-17 10:34:05.143;PLAY;rtmp://thalassa.statsbiblioteket.dk:1935/mediestream?ticket=1b17624d-998d-4754-8385-fd0c986fef26//flv:70ae72a9-68ca-4eff-aa3a-6f7b2494b8ce;{"everybody":["yes"],"SBIPRoleMapper":["digitaleaarboeger","inhouse","marctab","sbmusic"]}
2013-06-17 10:34:16.587;STOP;rtmp://thalassa.statsbiblioteket.dk:1935/mediestream?ticket=40f7e80c-48a4-47a6-a766-51db8b274fce//flv:44886759-b4d9-4a58-bab6-da1cd0a1982b;{"everybody":["yes"],"SBIPRoleMapper":["aucampus","csa","digitaleaarboeger","inhouse","marctab","sbmusic"]}
2013-06-17 10:35:06.425;PLAY;rtmp://thalassa.statsbiblioteket.dk:1935/mediestream?ticket=dba080b4-3a6e-4dfa-9f8a-d1b8b1c2c3be//flv:2287bf45-9ac7-4873-96f1-e9c3e15bc1e9;{"everybody":["yes"],"SBIPRoleMapper":["aucampus","csa","digitaleaarboeger","inhouse","marctab","sbmusic"]}
2013-06-17 10:35:08.568;STOP;rtmp://thalassa.statsbiblioteket.dk:1935/mediestream?ticket=1b17624d-998d-4754-8385-fd0c986fef26//flv:70ae72a9-68ca-4eff-aa3a-6f7b2494b8ce;{"everybody":["yes"],"SBIPRoleMapper":["digitaleaarboeger","inhouse","marctab","sbmusic"]}
2013-06-17 10:35:08.714;PAUSE;rtmp://thalassa.statsbiblioteket.dk:1935/mediestream?ticket=7c038be3-a0ea-40ed-bad3-abbbcffa8c79//mp3:f730293a-4f6f-42a4-8f92-32d2c72c0589;{"everybody":["yes"],"SBIPRoleMapper":["digitaleaarboeger","inhouse","marctab","sbmusic"]}
2013-06-17 10:35:10.915;SEEK;rtmp://thalassa.statsbiblioteket.dk:1935/mediestream?ticket=dba080b4-3a6e-4dfa-9f8a-d1b8b1c2c3be//flv:2287bf45-9ac7-4873-96f1-e9c3e15bc1e9;{"everybody":["yes"],"SBIPRoleMapper":["aucampus","csa","digitaleaarboeger","inhouse","marctab","sbmusic"]}
2013-06-17 10:35:36.866;STOP;rtmp://thalassa.statsbiblioteket.dk:1935/mediestream?ticket=dba080b4-3a6e-4dfa-9f8a-d1b8b1c2c3be//flv:2287bf45-9ac7-4873-96f1-e9c3e15bc1e9;{"everybody":["yes"],"SBIPRoleMapper":["aucampus","csa","digitaleaarboeger","inhouse","marctab","sbmusic"]}
2013-06-17 10:36:04.369;PAUSE;rtmp://thalassa.statsbiblioteket.dk:1935/mediestream?ticket=7c038be3-a0ea-40ed-bad3-abbbcffa8c79//mp3:f730293a-4f6f-42a4-8f92-32d2c72c0589;{"everybody":["yes"],"SBIPRoleMapper":["digitaleaarboeger","inhouse","marctab","sbmusic"]}
2013-06-17 10:36:48.203;PLAY;rtmp://thalassa.statsbiblioteket.dk:1935/mediestream?ticket=b4ec2c25-9e58-4049-b4d3-be7f6c942f37//flv:70873263-6f71-4431-b95a-80d69d643ed1;{"everybody":["yes"],"SBIPRoleMapper":["aucampus","csa","digitaleaarboeger","inhouse","marctab","sbmusic"]}
2013-06-17 10:37:01.369;SEEK;rtmp://thalassa.statsbiblioteket.dk:1935/mediestream?ticket=b4ec2c25-9e58-4049-b4d3-be7f6c942f37//flv:70873263-6f71-4431-b95a-80d69d643ed1;{"everybody":["yes"],"SBIPRoleMapper":["aucampus","csa","digitaleaarboeger","inhouse","marctab","sbmusic"]}
2013-06-17 10:37:12.211;STOP;rtmp://thalassa.statsbiblioteket.dk:1935/mediestream?ticket=b4ec2c25-9e58-4049-b4d3-be7f6c942f37//flv:70873263-6f71-4431-b95a-80d69d643ed1;{"everybody":["yes"],"SBIPRoleMapper":["aucampus","csa","digitaleaarboeger","inhouse","marctab","sbmusic"]}
2013-06-17 10:40:41.302;PLAY;rtmp://thalassa.statsbiblioteket.dk:1935/mediestream?ticket=f4c56774-cbf8-4ea0-9650-5cdd77ff74b4//flv:bd38f8d0-2055-483b-8046-c38a274bd872;{"everybody":["yes"],"SBIPRoleMapper":["digitaleaarboeger","inhouse","marctab","sbmusic"]}
2013-06-17 10:40:52.483;STOP;rtmp://thalassa.statsbiblioteket.dk:1935/mediestream?ticket=f4c56774-cbf8-4ea0-9650-5cdd77ff74b4//flv:bd38f8d0-2055-483b-8046-c38a274bd872;{"everybody":["yes"],"SBIPRoleMapper":["digitaleaarboeger","inhouse","marctab","sbmusic"]}
2013-06-17 10:41:06.850;PLAY;rtmp://thalassa.statsbiblioteket.dk:1935/mediestream?ticket=a6d0266f-85f1-4f29-bf92-f21f6213843c//flv:eb0ce749-8ed2-4e18-9bc0-1605b630e616;{"everybody":["yes"],"SBIPRoleMapper":["digitaleaarboeger","inhouse","marctab","sbmusic"]}
2013-06-17 10:41:17.768;STOP;rtmp://thalassa.statsbiblioteket.dk:1935/mediestream?ticket=a6d0266f-85f1-4f29-bf92-f21f6213843c//flv:eb0ce749-8ed2-4e18-9bc0-1605b630e616;{"everybody":["yes"],"SBIPRoleMapper":["digitaleaarboeger","inhouse","marctab","sbmusic"]}
2013-06-17 10:41:38.570;PLAY;rtmp://thalassa.statsbiblioteket.dk:1935/mediestream?ticket=a34ea7e6-f49b-464a-8fc8-7c92f56a9951//flv:0416ac0f-ed3a-46a1-b2c4-64d1918c1c87;{"everybody":["yes"],"SBIPRoleMapper":["digitaleaarboeger","inhouse","marctab","sbmusic"]}
2013-06-17 10:41:49.764;STOP;rtmp://thalassa.statsbiblioteket.dk:1935/mediestream?ticket=a34ea7e6-f49b-464a-8fc8-7c92f56a9951//flv:0416ac0f-ed3a-46a1-b2c4-64d1918c1c87;{"everybody":["yes"],"SBIPRoleMapper":["digitaleaarboeger","inhouse","marctab","sbmusic"]}
2013-06-17 10:42:12.380;PLAY;rtmp://thalassa.statsbiblioteket.dk:1935/mediestream?ticket=08349c43-c903-4d41-bbe3-54d3c0a46fbf//flv:34c05c0a-81a3-43e3-a6b1-0b9e4a1a58c8;{"everybody":["yes"],"SBIPRoleMapper":["digitaleaarboeger","inhouse","marctab","sbmusic"]}
2013-06-17 10:42:27.406;STOP;rtmp://thalassa.statsbiblioteket.dk:1935/mediestream?ticket=08349c43-c903-4d41-bbe3-54d3c0a46fbf//flv:34c05c0a-81a3-43e3-a6b1-0b9e4a1a58c8;{"everybody":["yes"],"SBIPRoleMapper":["digitaleaarboeger","inhouse","marctab","sbmusic"]}
2013-06-17 10:42:35.269;PLAY;rtmp://thalassa.statsbiblioteket.dk:1935/mediestream?ticket=08349c43-c903-4d41-bbe3-54d3c0a46fbf//flv:34c05c0a-81a3-43e3-a6b1-0b9e4a1a58c8;{"everybody":["yes"],"SBIPRoleMapper":["digitaleaarboeger","inhouse","marctab","sbmusic"]}
2013-06-17 10:42:43.981;STOP;rtmp://thalassa.statsbiblioteket.dk:1935/mediestream?ticket=08349c43-c903-4d41-bbe3-54d3c0a46fbf//flv:34c05c0a-81a3-43e3-a6b1-0b9e4a1a58c8;{"everybody":["yes"],"SBIPRoleMapper":["digitaleaarboeger","inhouse","marctab","sbmusic"]}
2013-06-17 10:42:57.211;PLAY;rtmp://thalassa.statsbiblioteket.dk:1935/mediestream?ticket=d60619e3-1784-49d4-a158-f0b3b8071a2b//flv:ec83ae84-7063-4afd-a43f-9f69a8659e14;{"everybody":["yes"],"SBIPRoleMapper":["digitaleaarboeger","inhouse","marctab","sbmusic"]}
2013-06-17 10:43:08.367;STOP;rtmp://thalassa.statsbiblioteket.dk:1935/mediestream?ticket=d60619e3-1784-49d4-a158-f0b3b8071a2b//flv:ec83ae84-7063-4afd-a43f-9f69a8659e14;{"everybody":["yes"],"SBIPRoleMapper":["digitaleaarboeger","inhouse","marctab","sbmusic"]}
2013-06-17 10:43:22.836;PLAY;rtmp://thalassa.statsbiblioteket.dk:1935/mediestream?ticket=26380485-7c68-43a2-ac84-d3a30d33c767//flv:ff57bfc4-8530-42d2-ad6b-57a2aab09a90;{"everybody":["yes"],"SBIPRoleMapper":["digitaleaarboeger","inhouse","marctab","sbmusic"]}
2013-06-17 10:43:33.747;STOP;rtmp://thalassa.statsbiblioteket.dk:1935/mediestream?ticket=26380485-7c68-43a2-ac84-d3a30d33c767//flv:ff57bfc4-8530-42d2-ad6b-57a2aab09a90;{"everybody":["yes"],"SBIPRoleMapper":["digitaleaarboeger","inhouse","marctab","sbmusic"]}
2013-06-17 10:46:21.783;PLAY;rtmp://thalassa.statsbiblioteket.dk:1935/mediestream?ticket=ddb9770a-73dd-402c-ba3d-668f41e0f07b//flv:ae5d0a59-721e-4004-9c99-0a9a98f70daf;{"everybody":["yes"],"SBIPRoleMapper":["digitaleaarboeger","inhouse","marctab","sbmusic"]}
2013-06-17 10:46:58.739;STOP;rtmp://thalassa.statsbiblioteket.dk:1935/mediestream?ticket=ddb9770a-73dd-402c-ba3d-668f41e0f07b//flv:ae5d0a59-721e-4004-9c99-0a9a98f70daf;{"everybody":["yes"],"SBIPRoleMapper":["digitaleaarboeger","inhouse","marctab","sbmusic"]}
2013-06-17 10:55:33.876;PLAY;rtmp://thalassa.statsbiblioteket.dk:1935/mediestream?ticket=f79f8489-4327-42f1-a457-f183676d8f42//flv:5c457f00-bb98-4fb3-b3c8-f2df56018130;{"eduPersonPrincipalName":["4rXfHY0VsU2w4QpGtIOgCQ@statsbiblioteket.dk"],"eduPersonPrimaryAffiliation":["staff"],"everybody":["yes"],"SBIPRoleMapper":["aucampus","csa","digitaleaarboeger","inhouse","marctab","sbmusic"],"eduPersonTargetedID":["WAYF-DK-692d7883e3a975cc3fa70fe681b767c7b392386d"],"schacHomeOrganization":["statsbiblioteket.dk"]}
2013-06-17 10:56:00.746;STOP;rtmp://thalassa.statsbiblioteket.dk:1935/mediestream?ticket=f79f8489-4327-42f1-a457-f183676d8f42//flv:5c457f00-bb98-4fb3-b3c8-f2df56018130;{"eduPersonPrincipalName":["4rXfHY0VsU2w4QpGtIOgCQ@statsbiblioteket.dk"],"eduPersonPrimaryAffiliation":["staff"],"everybody":["yes"],"SBIPRoleMapper":["aucampus","csa","digitaleaarboeger","inhouse","marctab","sbmusic"],"eduPersonTargetedID":["WAYF-DK-692d7883e3a975cc3fa70fe681b767c7b392386d"],"schacHomeOrganization":["statsbiblioteket.dk"]}
2013-06-17 11:04:21.909;PLAY;rtmp://thalassa.statsbiblioteket.dk:1935/mediestream?ticket=6eb358be-6305-483e-ad18-33c24f43dc8b//flv:23eef937-2cbd-40dd-aa9a-c959329bec7e;{"everybody":["yes"],"SBIPRoleMapper":["digitaleaarboeger","inhouse","marctab","sbmusic"]}
2013-06-17 11:04:24.919;PLAY;rtmp://thalassa.statsbiblioteket.dk:1935/mediestream?ticket=c7e75228-a832-451a-9719-b8d78b214e10//flv:5ae202a7-33fd-47ac-a5ba-9f63c158f30f;{"everybody":["yes"],"SBIPRoleMapper":["digitaleaarboeger","inhouse","marctab","sbmusic"]}
2013-06-17 11:04:29.108;SEEK;rtmp://thalassa.statsbiblioteket.dk:1935/mediestream?ticket=c7e75228-a832-451a-9719-b8d78b214e10//flv:5ae202a7-33fd-47ac-a5ba-9f63c158f30f;{"everybody":["yes"],"SBIPRoleMapper":["digitaleaarboeger","inhouse","marctab","sbmusic"]}
2013-06-17 11:04:31.581;SEEK;rtmp://thalassa.statsbiblioteket.dk:1935/mediestream?ticket=c7e75228-a832-451a-9719-b8d78b214e10//flv:5ae202a7-33fd-47ac-a5ba-9f63c158f30f;{"everybody":["yes"],"SBIPRoleMapper":["digitaleaarboeger","inhouse","marctab","sbmusic"]}
2013-06-17 11:04:34.404;SEEK;rtmp://thalassa.statsbiblioteket.dk:1935/mediestream?ticket=c7e75228-a832-451a-9719-b8d78b214e10//flv:5ae202a7-33fd-47ac-a5ba-9f63c158f30f;{"everybody":["yes"],"SBIPRoleMapper":["digitaleaarboeger","inhouse","marctab","sbmusic"]}
2013-06-17 11:04:46.491;SEEK;rtmp://thalassa.statsbiblioteket.dk:1935/mediestream?ticket=c7e75228-a832-451a-9719-b8d78b214e10//flv:5ae202a7-33fd-47ac-a5ba-9f63c158f30f;{"everybody":["yes"],"SBIPRoleMapper":["digitaleaarboeger","inhouse","marctab","sbmusic"]}
2013-06-17 11:04:50.648;SEEK;rtmp://thalassa.statsbiblioteket.dk:1935/mediestream?ticket=c7e75228-a832-451a-9719-b8d78b214e10//flv:5ae202a7-33fd-47ac-a5ba-9f63c158f30f;{"everybody":["yes"],"SBIPRoleMapper":["digitaleaarboeger","inhouse","marctab","sbmusic"]}
2013-06-17 11:04:55.431;STOP;rtmp://thalassa.statsbiblioteket.dk:1935/mediestream?ticket=c7e75228-a832-451a-9719-b8d78b214e10//flv:5ae202a7-33fd-47ac-a5ba-9f63c158f30f;{"everybody":["yes"],"SBIPRoleMapper":["digitaleaarboeger","inhouse","marctab","sbmusic"]}
2013-06-17 11:05:02.329;PLAY;rtmp://thalassa.statsbiblioteket.dk:1935/mediestream?ticket=34a7c8d0-7d52-45ef-9fc6-7e7063e183ef//flv:0a0d6049-9bfb-4001-be79-0c5bdd303653;{"everybody":["yes"],"SBIPRoleMapper":["digitaleaarboeger","inhouse","marctab","sbmusic"]}
2013-06-17 11:05:06.036;SEEK;rtmp://thalassa.statsbiblioteket.dk:1935/mediestream?ticket=34a7c8d0-7d52-45ef-9fc6-7e7063e183ef//flv:0a0d6049-9bfb-4001-be79-0c5bdd303653;{"everybody":["yes"],"SBIPRoleMapper":["digitaleaarboeger","inhouse","marctab","sbmusic"]}
2013-06-17 11:05:08.198;SEEK;rtmp://thalassa.statsbiblioteket.dk:1935/mediestream?ticket=34a7c8d0-7d52-45ef-9fc6-7e7063e183ef//flv:0a0d6049-9bfb-4001-be79-0c5bdd303653;{"everybody":["yes"],"SBIPRoleMapper":["digitaleaarboeger","inhouse","marctab","sbmusic"]}
2013-06-17 11:05:19.093;PAUSE;rtmp://thalassa.statsbiblioteket.dk:1935/mediestream?ticket=34a7c8d0-7d52-45ef-9fc6-7e7063e183ef//flv:0a0d6049-9bfb-4001-be79-0c5bdd303653;{"everybody":["yes"],"SBIPRoleMapper":["digitaleaarboeger","inhouse","marctab","sbmusic"]}
2013-06-17 11:05:41.597;PLAY;rtmp://thalassa.statsbiblioteket.dk:1935/mediestream?ticket=639a8fc3-e829-4511-9346-2261161cbf26//flv:3a6f660f-d560-42e4-ab3b-fadad79af3b0;{"everybody":["yes"],"SBIPRoleMapper":["digitaleaarboeger","inhouse","marctab","sbmusic"]}
2013-06-17 11:06:00.911;STOP;rtmp://thalassa.statsbiblioteket.dk:1935/mediestream?ticket=34a7c8d0-7d52-45ef-9fc6-7e7063e183ef//flv:0a0d6049-9bfb-4001-be79-0c5bdd303653;{"everybody":["yes"],"SBIPRoleMapper":["digitaleaarboeger","inhouse","marctab","sbmusic"]}
2013-06-17 11:14:01.764;PLAY;rtmp://thalassa.statsbiblioteket.dk:1935/mediestream?ticket=e8aaf957-13d9-4e07-8fd9-aa937102dd7d//flv:22a8959c-b6ab-47d1-8c47-fe60278407b4;{"everybody":["yes"],"SBIPRoleMapper":["digitaleaarboeger","inhouse","marctab","sbmusic"]}
2013-06-17 11:14:06.588;SEEK;rtmp://thalassa.statsbiblioteket.dk:1935/mediestream?ticket=e8aaf957-13d9-4e07-8fd9-aa937102dd7d//flv:22a8959c-b6ab-47d1-8c47-fe60278407b4;{"everybody":["yes"],"SBIPRoleMapper":["digitaleaarboeger","inhouse","marctab","sbmusic"]}
2013-06-17 11:14:08.499;SEEK;rtmp://thalassa.statsbiblioteket.dk:1935/mediestream?ticket=e8aaf957-13d9-4e07-8fd9-aa937102dd7d//flv:22a8959c-b6ab-47d1-8c47-fe60278407b4;{"everybody":["yes"],"SBIPRoleMapper":["digitaleaarboeger","inhouse","marctab","sbmusic"]}
2013-06-17 11:14:14.920;PAUSE;rtmp://thalassa.statsbiblioteket.dk:1935/mediestream?ticket=e8aaf957-13d9-4e07-8fd9-aa937102dd7d//flv:22a8959c-b6ab-47d1-8c47-fe60278407b4;{"everybody":["yes"],"SBIPRoleMapper":["digitaleaarboeger","inhouse","marctab","sbmusic"]}
2013-06-17 11:15:11.431;PAUSE;rtmp://thalassa.statsbiblioteket.dk:1935/mediestream?ticket=e8aaf957-13d9-4e07-8fd9-aa937102dd7d//flv:22a8959c-b6ab-47d1-8c47-fe60278407b4;{"everybody":["yes"],"SBIPRoleMapper":["digitaleaarboeger","inhouse","marctab","sbmusic"]}
2013-06-17 11:16:48.187;PLAY;rtmp://thalassa.statsbiblioteket.dk:1935/mediestream?ticket=2dcbcc1f-4728-4ab7-b1da-0f6f5c1bc798//flv:41b031d2-7c5a-468f-9dc2-65275d185900;{"everybody":["yes"],"SBIPRoleMapper":["digitaleaarboeger","inhouse","marctab","sbmusic"]}
2013-06-17 11:16:52.158;SEEK;rtmp://thalassa.statsbiblioteket.dk:1935/mediestream?ticket=2dcbcc1f-4728-4ab7-b1da-0f6f5c1bc798//flv:41b031d2-7c5a-468f-9dc2-65275d185900;{"everybody":["yes"],"SBIPRoleMapper":["digitaleaarboeger","inhouse","marctab","sbmusic"]}
2013-06-17 11:21:17.433;STOP;rtmp://thalassa.statsbiblioteket.dk:1935/mediestream?ticket=e8aaf957-13d9-4e07-8fd9-aa937102dd7d//flv:22a8959c-b6ab-47d1-8c47-fe60278407b4;{"everybody":["yes"],"SBIPRoleMapper":["digitaleaarboeger","inhouse","marctab","sbmusic"]}
2013-06-17 11:21:32.715;PLAY;rtmp://thalassa.statsbiblioteket.dk:1935/mediestream?ticket=3a556171-7c8f-4360-bd47-cd9229c4b69d//flv:3a6f660f-d560-42e4-ab3b-fadad79af3b0;{"everybody":["yes"],"SBIPRoleMapper":["digitaleaarboeger","inhouse","marctab","sbmusic"]}
2013-06-17 11:21:36.538;SEEK;rtmp://thalassa.statsbiblioteket.dk:1935/mediestream?ticket=3a556171-7c8f-4360-bd47-cd9229c4b69d//flv:3a6f660f-d560-42e4-ab3b-fadad79af3b0;{"everybody":["yes"],"SBIPRoleMapper":["digitaleaarboeger","inhouse","marctab","sbmusic"]}
2013-06-17 11:21:36.959;SEEK;rtmp://thalassa.statsbiblioteket.dk:1935/mediestream?ticket=3a556171-7c8f-4360-bd47-cd9229c4b69d//flv:3a6f660f-d560-42e4-ab3b-fadad79af3b0;{"everybody":["yes"],"SBIPRoleMapper":["digitaleaarboeger","inhouse","marctab","sbmusic"]}
2013-06-17 11:21:37.496;SEEK;rtmp://thalassa.statsbiblioteket.dk:1935/mediestream?ticket=3a556171-7c8f-4360-bd47-cd9229c4b69d//flv:3a6f660f-d560-42e4-ab3b-fadad79af3b0;{"everybody":["yes"],"SBIPRoleMapper":["digitaleaarboeger","inhouse","marctab","sbmusic"]}
2013-06-17 11:21:38.025;SEEK;rtmp://thalassa.statsbiblioteket.dk:1935/mediestream?ticket=3a556171-7c8f-4360-bd47-cd9229c4b69d//flv:3a6f660f-d560-42e4-ab3b-fadad79af3b0;{"everybody":["yes"],"SBIPRoleMapper":["digitaleaarboeger","inhouse","marctab","sbmusic"]}
2013-06-17 11:21:38.716;SEEK;rtmp://thalassa.statsbiblioteket.dk:1935/mediestream?ticket=3a556171-7c8f-4360-bd47-cd9229c4b69d//flv:3a6f660f-d560-42e4-ab3b-fadad79af3b0;{"everybody":["yes"],"SBIPRoleMapper":["digitaleaarboeger","inhouse","marctab","sbmusic"]}
2013-06-17 11:21:39.537;SEEK;rtmp://thalassa.statsbiblioteket.dk:1935/mediestream?ticket=3a556171-7c8f-4360-bd47-cd9229c4b69d//flv:3a6f660f-d560-42e4-ab3b-fadad79af3b0;{"everybody":["yes"],"SBIPRoleMapper":["digitaleaarboeger","inhouse","marctab","sbmusic"]}
2013-06-17 11:21:40.383;SEEK;rtmp://thalassa.statsbiblioteket.dk:1935/mediestream?ticket=3a556171-7c8f-4360-bd47-cd9229c4b69d//flv:3a6f660f-d560-42e4-ab3b-fadad79af3b0;{"everybody":["yes"],"SBIPRoleMapper":["digitaleaarboeger","inhouse","marctab","sbmusic"]}
2013-06-17 11:21:41.017;SEEK;rtmp://thalassa.statsbiblioteket.dk:1935/mediestream?ticket=3a556171-7c8f-4360-bd47-cd9229c4b69d//flv:3a6f660f-d560-42e4-ab3b-fadad79af3b0;{"everybody":["yes"],"SBIPRoleMapper":["digitaleaarboeger","inhouse","marctab","sbmusic"]}
2013-06-17 11:21:41.841;SEEK;rtmp://thalassa.statsbiblioteket.dk:1935/mediestream?ticket=3a556171-7c8f-4360-bd47-cd9229c4b69d//flv:3a6f660f-d560-42e4-ab3b-fadad79af3b0;{"everybody":["yes"],"SBIPRoleMapper":["digitaleaarboeger","inhouse","marctab","sbmusic"]}
2013-06-17 11:22:16.528;STOP;rtmp://thalassa.statsbiblioteket.dk:1935/mediestream?ticket=3a556171-7c8f-4360-bd47-cd9229c4b69d//flv:3a6f660f-d560-42e4-ab3b-fadad79af3b0;{"everybody":["yes"],"SBIPRoleMapper":["digitaleaarboeger","inhouse","marctab","sbmusic"]}
2013-06-17 11:23:54.559;STOP;rtmp://thalassa.statsbiblioteket.dk:1935/mediestream?ticket=2dcbcc1f-4728-4ab7-b1da-0f6f5c1bc798//flv:41b031d2-7c5a-468f-9dc2-65275d185900;{"everybody":["yes"],"SBIPRoleMapper":["digitaleaarboeger","inhouse","marctab","sbmusic"]}
2013-06-17 11:32:51.146;PLAY;rtmp://thalassa.statsbiblioteket.dk:1935/mediestream?ticket=8df9272d-a3c8-4967-98ff-956c0af9a4df//flv:82332ac1-3254-4a83-88d6-b605640b34cf;{"everybody":["yes"],"SBIPRoleMapper":["digitaleaarboeger","inhouse","marctab","sbmusic"]}
2013-06-17 11:32:59.399;STOP;rtmp://thalassa.statsbiblioteket.dk:1935/mediestream?ticket=8df9272d-a3c8-4967-98ff-956c0af9a4df//flv:82332ac1-3254-4a83-88d6-b605640b34cf;{"everybody":["yes"],"SBIPRoleMapper":["digitaleaarboeger","inhouse","marctab","sbmusic"]}
2013-06-17 12:01:22.206;PLAY;rtmp://thalassa.statsbiblioteket.dk:1935/mediestream?ticket=8195cd38-66e6-4438-8a02-aa8766bc7ad2//flv:151f6011-e4f8-4c9f-80c3-936edd628dae;{"everybody":["yes"],"SBIPRoleMapper":["digitaleaarboeger","inhouse","marctab","sbmusic"]}
2013-06-17 12:01:50.752;SEEK;rtmp://thalassa.statsbiblioteket.dk:1935/mediestream?ticket=8195cd38-66e6-4438-8a02-aa8766bc7ad2//flv:151f6011-e4f8-4c9f-80c3-936edd628dae;{"everybody":["yes"],"SBIPRoleMapper":["digitaleaarboeger","inhouse","marctab","sbmusic"]}
2013-06-17 12:04:30.970;PAUSE;rtmp://thalassa.statsbiblioteket.dk:1935/mediestream?ticket=8195cd38-66e6-4438-8a02-aa8766bc7ad2//flv:151f6011-e4f8-4c9f-80c3-936edd628dae;{"everybody":["yes"],"SBIPRoleMapper":["digitaleaarboeger","inhouse","marctab","sbmusic"]}
2013-06-17 12:04:39.889;STOP;rtmp://thalassa.statsbiblioteket.dk:1935/mediestream?ticket=8195cd38-66e6-4438-8a02-aa8766bc7ad2//flv:151f6011-e4f8-4c9f-80c3-936edd628dae;{"everybody":["yes"],"SBIPRoleMapper":["digitaleaarboeger","inhouse","marctab","sbmusic"]}
2013-06-17 12:10:35.330;PLAY;rtmp://thalassa.statsbiblioteket.dk:1935/mediestream?ticket=6b3cc106-8337-4f6b-b9e1-2b255cdf9c6f//flv:1ab7b1a6-a79e-48a0-bd57-7819afaf67cd;{"eduPersonPrincipalName":["qmAhA4o-9BdQSQwmZlpX8w@statsbiblioteket.dk"],"eduPersonPrimaryAffiliation":["staff"],"SBLastLoginTimestamp":["1363102784"],"MediestreamFullAccess":["yes"],"everybody":["yes"],"SBIPRoleMapper":["digitaleaarboeger","inhouse","marctab","sbmusic"],"eduPersonTargetedID":["WAYF-DK-c523aa6e0b0082a999b9fafe326bfa93623aa38c"],"schacHomeOrganization":["statsbiblioteket.dk"]}
2013-06-17 12:10:37.601;SEEK;rtmp://thalassa.statsbiblioteket.dk:1935/mediestream?ticket=6b3cc106-8337-4f6b-b9e1-2b255cdf9c6f//flv:1ab7b1a6-a79e-48a0-bd57-7819afaf67cd;{"eduPersonPrincipalName":["qmAhA4o-9BdQSQwmZlpX8w@statsbiblioteket.dk"],"eduPersonPrimaryAffiliation":["staff"],"SBLastLoginTimestamp":["1363102784"],"MediestreamFullAccess":["yes"],"everybody":["yes"],"SBIPRoleMapper":["digitaleaarboeger","inhouse","marctab","sbmusic"],"eduPersonTargetedID":["WAYF-DK-c523aa6e0b0082a999b9fafe326bfa93623aa38c"],"schacHomeOrganization":["statsbiblioteket.dk"]}
2013-06-17 12:10:41.534;SEEK;rtmp://thalassa.statsbiblioteket.dk:1935/mediestream?ticket=6b3cc106-8337-4f6b-b9e1-2b255cdf9c6f//flv:1ab7b1a6-a79e-48a0-bd57-7819afaf67cd;{"eduPersonPrincipalName":["qmAhA4o-9BdQSQwmZlpX8w@statsbiblioteket.dk"],"eduPersonPrimaryAffiliation":["staff"],"SBLastLoginTimestamp":["1363102784"],"MediestreamFullAccess":["yes"],"everybody":["yes"],"SBIPRoleMapper":["digitaleaarboeger","inhouse","marctab","sbmusic"],"eduPersonTargetedID":["WAYF-DK-c523aa6e0b0082a999b9fafe326bfa93623aa38c"],"schacHomeOrganization":["statsbiblioteket.dk"]}
2013-06-17 12:10:45.310;SEEK;rtmp://thalassa.statsbiblioteket.dk:1935/mediestream?ticket=6b3cc106-8337-4f6b-b9e1-2b255cdf9c6f//flv:1ab7b1a6-a79e-48a0-bd57-7819afaf67cd;{"eduPersonPrincipalName":["qmAhA4o-9BdQSQwmZlpX8w@statsbiblioteket.dk"],"eduPersonPrimaryAffiliation":["staff"],"SBLastLoginTimestamp":["1363102784"],"MediestreamFullAccess":["yes"],"everybody":["yes"],"SBIPRoleMapper":["digitaleaarboeger","inhouse","marctab","sbmusic"],"eduPersonTargetedID":["WAYF-DK-c523aa6e0b0082a999b9fafe326bfa93623aa38c"],"schacHomeOrganization":["statsbiblioteket.dk"]}
2013-06-17 12:11:05.531;STOP;rtmp://thalassa.statsbiblioteket.dk:1935/mediestream?ticket=6b3cc106-8337-4f6b-b9e1-2b255cdf9c6f//flv:1ab7b1a6-a79e-48a0-bd57-7819afaf67cd;{"eduPersonPrincipalName":["qmAhA4o-9BdQSQwmZlpX8w@statsbiblioteket.dk"],"eduPersonPrimaryAffiliation":["staff"],"SBLastLoginTimestamp":["1363102784"],"MediestreamFullAccess":["yes"],"everybody":["yes"],"SBIPRoleMapper":["digitaleaarboeger","inhouse","marctab","sbmusic"],"eduPersonTargetedID":["WAYF-DK-c523aa6e0b0082a999b9fafe326bfa93623aa38c"],"schacHomeOrganization":["statsbiblioteket.dk"]}
2013-06-17 12:11:27.905;PLAY;rtmp://thalassa.statsbiblioteket.dk:1935/mediestream?ticket=acfc8cc2-3186-4251-88dc-f346b469340f//mp3:b09fc5f5-7bd2-4353-bfdf-6b4759659d21;{"eduPersonPrincipalName":["qmAhA4o-9BdQSQwmZlpX8w@statsbiblioteket.dk"],"eduPersonPrimaryAffiliation":["staff"],"SBLastLoginTimestamp":["1363102784"],"MediestreamFullAccess":["yes"],"everybody":["yes"],"SBIPRoleMapper":["digitaleaarboeger","inhouse","marctab","sbmusic"],"eduPersonTargetedID":["WAYF-DK-c523aa6e0b0082a999b9fafe326bfa93623aa38c"],"schacHomeOrganization":["statsbiblioteket.dk"]}
2013-06-17 12:11:30.405;SEEK;rtmp://thalassa.statsbiblioteket.dk:1935/mediestream?ticket=acfc8cc2-3186-4251-88dc-f346b469340f//mp3:b09fc5f5-7bd2-4353-bfdf-6b4759659d21;{"eduPersonPrincipalName":["qmAhA4o-9BdQSQwmZlpX8w@statsbiblioteket.dk"],"eduPersonPrimaryAffiliation":["staff"],"SBLastLoginTimestamp":["1363102784"],"MediestreamFullAccess":["yes"],"everybody":["yes"],"SBIPRoleMapper":["digitaleaarboeger","inhouse","marctab","sbmusic"],"eduPersonTargetedID":["WAYF-DK-c523aa6e0b0082a999b9fafe326bfa93623aa38c"],"schacHomeOrganization":["statsbiblioteket.dk"]}
2013-06-17 12:11:45.547;STOP;rtmp://thalassa.statsbiblioteket.dk:1935/mediestream?ticket=acfc8cc2-3186-4251-88dc-f346b469340f//mp3:b09fc5f5-7bd2-4353-bfdf-6b4759659d21;{"eduPersonPrincipalName":["qmAhA4o-9BdQSQwmZlpX8w@statsbiblioteket.dk"],"eduPersonPrimaryAffiliation":["staff"],"SBLastLoginTimestamp":["1363102784"],"MediestreamFullAccess":["yes"],"everybody":["yes"],"SBIPRoleMapper":["digitaleaarboeger","inhouse","marctab","sbmusic"],"eduPersonTargetedID":["WAYF-DK-c523aa6e0b0082a999b9fafe326bfa93623aa38c"],"schacHomeOrganization":["statsbiblioteket.dk"]}
2013-06-17 12:20:05.923;PLAY;rtmp://thalassa.statsbiblioteket.dk:1935/mediestream?ticket=dfd3658e-8761-4b2b-90f3-0db75c08d59d//flv:4ee8abaf-510a-464f-ae6c-120ca5338cc7;{"everybody":["yes"],"SBIPRoleMapper":["digitaleaarboeger","inhouse","marctab","sbmusic"]}
2013-06-17 12:20:13.334;STOP;rtmp://thalassa.statsbiblioteket.dk:1935/mediestream?ticket=dfd3658e-8761-4b2b-90f3-0db75c08d59d//flv:4ee8abaf-510a-464f-ae6c-120ca5338cc7;{"everybody":["yes"],"SBIPRoleMapper":["digitaleaarboeger","inhouse","marctab","sbmusic"]}
2013-06-17 12:20:17.149;PLAY;rtmp://thalassa.statsbiblioteket.dk:1935/mediestream?ticket=d09a3686-9638-42f0-b754-9317500315e1//flv:b14804dc-3070-4e29-9a08-08f1ac5f1905;{"everybody":["yes"],"SBIPRoleMapper":["digitaleaarboeger","inhouse","marctab","sbmusic"]}
2013-06-17 12:22:38.429;STOP;rtmp://thalassa.statsbiblioteket.dk:1935/mediestream?ticket=d09a3686-9638-42f0-b754-9317500315e1//flv:b14804dc-3070-4e29-9a08-08f1ac5f1905;{"everybody":["yes"],"SBIPRoleMapper":["digitaleaarboeger","inhouse","marctab","sbmusic"]}
2013-06-17 12:50:12.959;PLAY;rtmp://thalassa.statsbiblioteket.dk:1935/mediestream?ticket=272c19b9-e0aa-45c9-bcdb-60994e9787f1//flv:39f18855-48c3-4c1d-b434-30e80a3f178b;{"everybody":["yes"],"SBIPRoleMapper":["digitaleaarboeger","inhouse","marctab","sbmusic"]}
2013-06-17 12:50:49.527;STOP;rtmp://thalassa.statsbiblioteket.dk:1935/mediestream?ticket=272c19b9-e0aa-45c9-bcdb-60994e9787f1//flv:39f18855-48c3-4c1d-b434-30e80a3f178b;{"everybody":["yes"],"SBIPRoleMapper":["digitaleaarboeger","inhouse","marctab","sbmusic"]}
2013-06-17 12:50:51.831;PLAY;rtmp://thalassa.statsbiblioteket.dk:1935/mediestream?ticket=4b11c82f-889f-4a03-8553-390ce62cf740//flv:646a5e56-c069-4ea2-9471-dda3534ca132;{"everybody":["yes"],"SBIPRoleMapper":["digitaleaarboeger","inhouse","marctab","sbmusic"]}
2013-06-17 12:55:27.555;PLAY;rtmp://thalassa.statsbiblioteket.dk:1935/mediestream?ticket=157724d1-5112-40ef-8574-03e24bae54f8//flv:3eb33241-d6cf-4e08-9a97-b7c5218096c4;{"everybody":["yes"],"SBIPRoleMapper":["digitaleaarboeger","inhouse","marctab","sbmusic"]}
2013-06-17 12:55:50.216;SEEK;rtmp://thalassa.statsbiblioteket.dk:1935/mediestream?ticket=157724d1-5112-40ef-8574-03e24bae54f8//flv:3eb33241-d6cf-4e08-9a97-b7c5218096c4;{"everybody":["yes"],"SBIPRoleMapper":["digitaleaarboeger","inhouse","marctab","sbmusic"]}
2013-06-17 13:06:00.728;STOP;rtmp://thalassa.statsbiblioteket.dk:1935/mediestream?ticket=4b11c82f-889f-4a03-8553-390ce62cf740//flv:646a5e56-c069-4ea2-9471-dda3534ca132;{"everybody":["yes"],"SBIPRoleMapper":["digitaleaarboeger","inhouse","marctab","sbmusic"]}
2013-06-17 13:09:10.978;PLAY;rtmp://thalassa.statsbiblioteket.dk:1935/mediestream?ticket=72b243cb-5df3-49c9-b075-c2b877ffc103//flv:64c91c37-d078-42ed-a402-f03e1b63e763;{"eduPersonPrincipalName":["131997@au.dk"],"eduPersonPrimaryAffiliation":["staff"],"eduPersonScopedAffiliation":["staff@au.organisation.wayf.dk","alum@au.organisation.wayf.dk","employee@au.organisation.wayf.dk","member@au.organisation.wayf.dk","staff@fa.au.dk","alum@ar.au.dk"],"everybody":["yes"],"SBIPRoleMapper":["digitaleaarboeger","inhouse","marctab","sbmusic"],"eduPersonTargetedID":["WAYF-DK-5a6f31eeaa99b6b6f93fe7be777f83b5a10cc92f"],"schacHomeOrganization":["au.dk"]}
2013-06-17 13:09:13.440;SEEK;rtmp://thalassa.statsbiblioteket.dk:1935/mediestream?ticket=72b243cb-5df3-49c9-b075-c2b877ffc103//flv:64c91c37-d078-42ed-a402-f03e1b63e763;{"eduPersonPrincipalName":["131997@au.dk"],"eduPersonPrimaryAffiliation":["staff"],"eduPersonScopedAffiliation":["staff@au.organisation.wayf.dk","alum@au.organisation.wayf.dk","employee@au.organisation.wayf.dk","member@au.organisation.wayf.dk","staff@fa.au.dk","alum@ar.au.dk"],"everybody":["yes"],"SBIPRoleMapper":["digitaleaarboeger","inhouse","marctab","sbmusic"],"eduPersonTargetedID":["WAYF-DK-5a6f31eeaa99b6b6f93fe7be777f83b5a10cc92f"],"schacHomeOrganization":["au.dk"]}
2013-06-17 13:09:15.633;SEEK;rtmp://thalassa.statsbiblioteket.dk:1935/mediestream?ticket=72b243cb-5df3-49c9-b075-c2b877ffc103//flv:64c91c37-d078-42ed-a402-f03e1b63e763;{"eduPersonPrincipalName":["131997@au.dk"],"eduPersonPrimaryAffiliation":["staff"],"eduPersonScopedAffiliation":["staff@au.organisation.wayf.dk","alum@au.organisation.wayf.dk","employee@au.organisation.wayf.dk","member@au.organisation.wayf.dk","staff@fa.au.dk","alum@ar.au.dk"],"everybody":["yes"],"SBIPRoleMapper":["digitaleaarboeger","inhouse","marctab","sbmusic"],"eduPersonTargetedID":["WAYF-DK-5a6f31eeaa99b6b6f93fe7be777f83b5a10cc92f"],"schacHomeOrganization":["au.dk"]}
2013-06-17 13:09:16.449;SEEK;rtmp://thalassa.statsbiblioteket.dk:1935/mediestream?ticket=72b243cb-5df3-49c9-b075-c2b877ffc103//flv:64c91c37-d078-42ed-a402-f03e1b63e763;{"eduPersonPrincipalName":["131997@au.dk"],"eduPersonPrimaryAffiliation":["staff"],"eduPersonScopedAffiliation":["staff@au.organisation.wayf.dk","alum@au.organisation.wayf.dk","employee@au.organisation.wayf.dk","member@au.organisation.wayf.dk","staff@fa.au.dk","alum@ar.au.dk"],"everybody":["yes"],"SBIPRoleMapper":["digitaleaarboeger","inhouse","marctab","sbmusic"],"eduPersonTargetedID":["WAYF-DK-5a6f31eeaa99b6b6f93fe7be777f83b5a10cc92f"],"schacHomeOrganization":["au.dk"]}
2013-06-17 13:09:18.429;SEEK;rtmp://thalassa.statsbiblioteket.dk:1935/mediestream?ticket=72b243cb-5df3-49c9-b075-c2b877ffc103//flv:64c91c37-d078-42ed-a402-f03e1b63e763;{"eduPersonPrincipalName":["131997@au.dk"],"eduPersonPrimaryAffiliation":["staff"],"eduPersonScopedAffiliation":["staff@au.organisation.wayf.dk","alum@au.organisation.wayf.dk","employee@au.organisation.wayf.dk","member@au.organisation.wayf.dk","staff@fa.au.dk","alum@ar.au.dk"],"everybody":["yes"],"SBIPRoleMapper":["digitaleaarboeger","inhouse","marctab","sbmusic"],"eduPersonTargetedID":["WAYF-DK-5a6f31eeaa99b6b6f93fe7be777f83b5a10cc92f"],"schacHomeOrganization":["au.dk"]}
2013-06-17 13:09:19.714;SEEK;rtmp://thalassa.statsbiblioteket.dk:1935/mediestream?ticket=72b243cb-5df3-49c9-b075-c2b877ffc103//flv:64c91c37-d078-42ed-a402-f03e1b63e763;{"eduPersonPrincipalName":["131997@au.dk"],"eduPersonPrimaryAffiliation":["staff"],"eduPersonScopedAffiliation":["staff@au.organisation.wayf.dk","alum@au.organisation.wayf.dk","employee@au.organisation.wayf.dk","member@au.organisation.wayf.dk","staff@fa.au.dk","alum@ar.au.dk"],"everybody":["yes"],"SBIPRoleMapper":["digitaleaarboeger","inhouse","marctab","sbmusic"],"eduPersonTargetedID":["WAYF-DK-5a6f31eeaa99b6b6f93fe7be777f83b5a10cc92f"],"schacHomeOrganization":["au.dk"]}
2013-06-17 13:09:21.961;SEEK;rtmp://thalassa.statsbiblioteket.dk:1935/mediestream?ticket=72b243cb-5df3-49c9-b075-c2b877ffc103//flv:64c91c37-d078-42ed-a402-f03e1b63e763;{"eduPersonPrincipalName":["131997@au.dk"],"eduPersonPrimaryAffiliation":["staff"],"eduPersonScopedAffiliation":["staff@au.organisation.wayf.dk","alum@au.organisation.wayf.dk","employee@au.organisation.wayf.dk","member@au.organisation.wayf.dk","staff@fa.au.dk","alum@ar.au.dk"],"everybody":["yes"],"SBIPRoleMapper":["digitaleaarboeger","inhouse","marctab","sbmusic"],"eduPersonTargetedID":["WAYF-DK-5a6f31eeaa99b6b6f93fe7be777f83b5a10cc92f"],"schacHomeOrganization":["au.dk"]}
2013-06-17 13:09:23.700;SEEK;rtmp://thalassa.statsbiblioteket.dk:1935/mediestream?ticket=72b243cb-5df3-49c9-b075-c2b877ffc103//flv:64c91c37-d078-42ed-a402-f03e1b63e763;{"eduPersonPrincipalName":["131997@au.dk"],"eduPersonPrimaryAffiliation":["staff"],"eduPersonScopedAffiliation":["staff@au.organisation.wayf.dk","alum@au.organisation.wayf.dk","employee@au.organisation.wayf.dk","member@au.organisation.wayf.dk","staff@fa.au.dk","alum@ar.au.dk"],"everybody":["yes"],"SBIPRoleMapper":["digitaleaarboeger","inhouse","marctab","sbmusic"],"eduPersonTargetedID":["WAYF-DK-5a6f31eeaa99b6b6f93fe7be777f83b5a10cc92f"],"schacHomeOrganization":["au.dk"]}
2013-06-17 13:09:24.635;SEEK;rtmp://thalassa.statsbiblioteket.dk:1935/mediestream?ticket=72b243cb-5df3-49c9-b075-c2b877ffc103//flv:64c91c37-d078-42ed-a402-f03e1b63e763;{"eduPersonPrincipalName":["131997@au.dk"],"eduPersonPrimaryAffiliation":["staff"],"eduPersonScopedAffiliation":["staff@au.organisation.wayf.dk","alum@au.organisation.wayf.dk","employee@au.organisation.wayf.dk","member@au.organisation.wayf.dk","staff@fa.au.dk","alum@ar.au.dk"],"everybody":["yes"],"SBIPRoleMapper":["digitaleaarboeger","inhouse","marctab","sbmusic"],"eduPersonTargetedID":["WAYF-DK-5a6f31eeaa99b6b6f93fe7be777f83b5a10cc92f"],"schacHomeOrganization":["au.dk"]}
2013-06-17 13:09:25.638;SEEK;rtmp://thalassa.statsbiblioteket.dk:1935/mediestream?ticket=72b243cb-5df3-49c9-b075-c2b877ffc103//flv:64c91c37-d078-42ed-a402-f03e1b63e763;{"eduPersonPrincipalName":["131997@au.dk"],"eduPersonPrimaryAffiliation":["staff"],"eduPersonScopedAffiliation":["staff@au.organisation.wayf.dk","alum@au.organisation.wayf.dk","employee@au.organisation.wayf.dk","member@au.organisation.wayf.dk","staff@fa.au.dk","alum@ar.au.dk"],"everybody":["yes"],"SBIPRoleMapper":["digitaleaarboeger","inhouse","marctab","sbmusic"],"eduPersonTargetedID":["WAYF-DK-5a6f31eeaa99b6b6f93fe7be777f83b5a10cc92f"],"schacHomeOrganization":["au.dk"]}
2013-06-17 13:09:26.777;SEEK;rtmp://thalassa.statsbiblioteket.dk:1935/mediestream?ticket=72b243cb-5df3-49c9-b075-c2b877ffc103//flv:64c91c37-d078-42ed-a402-f03e1b63e763;{"eduPersonPrincipalName":["131997@au.dk"],"eduPersonPrimaryAffiliation":["staff"],"eduPersonScopedAffiliation":["staff@au.organisation.wayf.dk","alum@au.organisation.wayf.dk","employee@au.organisation.wayf.dk","member@au.organisation.wayf.dk","staff@fa.au.dk","alum@ar.au.dk"],"everybody":["yes"],"SBIPRoleMapper":["digitaleaarboeger","inhouse","marctab","sbmusic"],"eduPersonTargetedID":["WAYF-DK-5a6f31eeaa99b6b6f93fe7be777f83b5a10cc92f"],"schacHomeOrganization":["au.dk"]}
2013-06-17 13:09:27.524;SEEK;rtmp://thalassa.statsbiblioteket.dk:1935/mediestream?ticket=72b243cb-5df3-49c9-b075-c2b877ffc103//flv:64c91c37-d078-42ed-a402-f03e1b63e763;{"eduPersonPrincipalName":["131997@au.dk"],"eduPersonPrimaryAffiliation":["staff"],"eduPersonScopedAffiliation":["staff@au.organisation.wayf.dk","alum@au.organisation.wayf.dk","employee@au.organisation.wayf.dk","member@au.organisation.wayf.dk","staff@fa.au.dk","alum@ar.au.dk"],"everybody":["yes"],"SBIPRoleMapper":["digitaleaarboeger","inhouse","marctab","sbmusic"],"eduPersonTargetedID":["WAYF-DK-5a6f31eeaa99b6b6f93fe7be777f83b5a10cc92f"],"schacHomeOrganization":["au.dk"]}
2013-06-17 13:09:28.551;SEEK;rtmp://thalassa.statsbiblioteket.dk:1935/mediestream?ticket=72b243cb-5df3-49c9-b075-c2b877ffc103//flv:64c91c37-d078-42ed-a402-f03e1b63e763;{"eduPersonPrincipalName":["131997@au.dk"],"eduPersonPrimaryAffiliation":["staff"],"eduPersonScopedAffiliation":["staff@au.organisation.wayf.dk","alum@au.organisation.wayf.dk","employee@au.organisation.wayf.dk","member@au.organisation.wayf.dk","staff@fa.au.dk","alum@ar.au.dk"],"everybody":["yes"],"SBIPRoleMapper":["digitaleaarboeger","inhouse","marctab","sbmusic"],"eduPersonTargetedID":["WAYF-DK-5a6f31eeaa99b6b6f93fe7be777f83b5a10cc92f"],"schacHomeOrganization":["au.dk"]}
2013-06-17 13:09:36.771;PLAY;rtmp://thalassa.statsbiblioteket.dk:1935/mediestream?ticket=b1356d70-2fe5-43d2-96e1-295bc54e8bbb//mp3:adfa8c5c-ee5b-4730-bce0-d0bcfd009b9b;{"everybody":["yes"],"SBIPRoleMapper":["digitaleaarboeger","inhouse","marctab","sbmusic"]}
2013-06-17 13:09:42.314;PAUSE;rtmp://thalassa.statsbiblioteket.dk:1935/mediestream?ticket=b1356d70-2fe5-43d2-96e1-295bc54e8bbb//mp3:adfa8c5c-ee5b-4730-bce0-d0bcfd009b9b;{"everybody":["yes"],"SBIPRoleMapper":["digitaleaarboeger","inhouse","marctab","sbmusic"]}
2013-06-17 13:09:45.119;STOP;rtmp://thalassa.statsbiblioteket.dk:1935/mediestream?ticket=72b243cb-5df3-49c9-b075-c2b877ffc103//flv:64c91c37-d078-42ed-a402-f03e1b63e763;{"eduPersonPrincipalName":["131997@au.dk"],"eduPersonPrimaryAffiliation":["staff"],"eduPersonScopedAffiliation":["staff@au.organisation.wayf.dk","alum@au.organisation.wayf.dk","employee@au.organisation.wayf.dk","member@au.organisation.wayf.dk","staff@fa.au.dk","alum@ar.au.dk"],"everybody":["yes"],"SBIPRoleMapper":["digitaleaarboeger","inhouse","marctab","sbmusic"],"eduPersonTargetedID":["WAYF-DK-5a6f31eeaa99b6b6f93fe7be777f83b5a10cc92f"],"schacHomeOrganization":["au.dk"]}
2013-06-17 13:09:47.101;STOP;rtmp://thalassa.statsbiblioteket.dk:1935/mediestream?ticket=b1356d70-2fe5-43d2-96e1-295bc54e8bbb//mp3:adfa8c5c-ee5b-4730-bce0-d0bcfd009b9b;{"everybody":["yes"],"SBIPRoleMapper":["digitaleaarboeger","inhouse","marctab","sbmusic"]}
2013-06-17 13:10:04.489;PLAY;rtmp://thalassa.statsbiblioteket.dk:1935/mediestream?ticket=ebc98a10-f1ef-4f94-914f-35c59824e9a8//flv:39af5318-aef1-4416-b7c1-c1ad177a5cd7;{"eduPersonPrincipalName":["131997@au.dk"],"eduPersonPrimaryAffiliation":["staff"],"eduPersonScopedAffiliation":["staff@au.organisation.wayf.dk","alum@au.organisation.wayf.dk","employee@au.organisation.wayf.dk","member@au.organisation.wayf.dk","staff@fa.au.dk","alum@ar.au.dk"],"everybody":["yes"],"SBIPRoleMapper":["digitaleaarboeger","inhouse","marctab","sbmusic"],"eduPersonTargetedID":["WAYF-DK-5a6f31eeaa99b6b6f93fe7be777f83b5a10cc92f"],"schacHomeOrganization":["au.dk"]}
2013-06-17 13:10:15.586;STOP;rtmp://thalassa.statsbiblioteket.dk:1935/mediestream?ticket=ebc98a10-f1ef-4f94-914f-35c59824e9a8//flv:39af5318-aef1-4416-b7c1-c1ad177a5cd7;{"eduPersonPrincipalName":["131997@au.dk"],"eduPersonPrimaryAffiliation":["staff"],"eduPersonScopedAffiliation":["staff@au.organisation.wayf.dk","alum@au.organisation.wayf.dk","employee@au.organisation.wayf.dk","member@au.organisation.wayf.dk","staff@fa.au.dk","alum@ar.au.dk"],"everybody":["yes"],"SBIPRoleMapper":["digitaleaarboeger","inhouse","marctab","sbmusic"],"eduPersonTargetedID":["WAYF-DK-5a6f31eeaa99b6b6f93fe7be777f83b5a10cc92f"],"schacHomeOrganization":["au.dk"]}
2013-06-17 13:10:45.769;PLAY;rtmp://thalassa.statsbiblioteket.dk:1935/mediestream?ticket=8a6ffb33-cab4-4b7b-876d-6cee99f44c27//flv:763ff100-7e7d-4d51-a7d0-42d266296958;{"everybody":["yes"],"SBIPRoleMapper":["digitaleaarboeger","inhouse","marctab","sbmusic"]}
2013-06-17 13:11:02.964;SEEK;rtmp://thalassa.statsbiblioteket.dk:1935/mediestream?ticket=8a6ffb33-cab4-4b7b-876d-6cee99f44c27//flv:763ff100-7e7d-4d51-a7d0-42d266296958;{"everybody":["yes"],"SBIPRoleMapper":["digitaleaarboeger","inhouse","marctab","sbmusic"]}
2013-06-17 13:11:42.309;STOP;rtmp://thalassa.statsbiblioteket.dk:1935/mediestream?ticket=8a6ffb33-cab4-4b7b-876d-6cee99f44c27//flv:763ff100-7e7d-4d51-a7d0-42d266296958;{"everybody":["yes"],"SBIPRoleMapper":["digitaleaarboeger","inhouse","marctab","sbmusic"]}
2013-06-17 13:12:16.437;PLAY;rtmp://thalassa.statsbiblioteket.dk:1935/mediestream?ticket=a8ddaa8a-3f73-4622-9a91-339be50b9bc1//flv:d71c491a-4e76-4a26-ac66-fe1939c3230e;{"everybody":["yes"],"SBIPRoleMapper":["digitaleaarboeger","inhouse","marctab","sbmusic"]}
2013-06-17 13:12:33.374;STOP;rtmp://thalassa.statsbiblioteket.dk:1935/mediestream?ticket=a8ddaa8a-3f73-4622-9a91-339be50b9bc1//flv:d71c491a-4e76-4a26-ac66-fe1939c3230e;{"everybody":["yes"],"SBIPRoleMapper":["digitaleaarboeger","inhouse","marctab","sbmusic"]}
2013-06-17 13:13:15.494;PLAY;rtmp://thalassa.statsbiblioteket.dk:1935/mediestream?ticket=caf5e499-83a0-4237-87ec-468a7f590667//flv:4e1abf13-3acc-4d59-8393-3a51d29a1846;{"everybody":["yes"],"SBIPRoleMapper":["digitaleaarboeger","inhouse","marctab","sbmusic"]}
2013-06-17 13:17:31.220;PAUSE;rtmp://thalassa.statsbiblioteket.dk:1935/mediestream?ticket=caf5e499-83a0-4237-87ec-468a7f590667//flv:4e1abf13-3acc-4d59-8393-3a51d29a1846;{"everybody":["yes"],"SBIPRoleMapper":["digitaleaarboeger","inhouse","marctab","sbmusic"]}
2013-06-17 13:17:41.064;STOP;rtmp://thalassa.statsbiblioteket.dk:1935/mediestream?ticket=caf5e499-83a0-4237-87ec-468a7f590667//flv:4e1abf13-3acc-4d59-8393-3a51d29a1846;{"everybody":["yes"],"SBIPRoleMapper":["digitaleaarboeger","inhouse","marctab","sbmusic"]}
2013-06-17 13:18:09.292;PLAY;rtmp://thalassa.statsbiblioteket.dk:1935/mediestream?ticket=0208dbce-e98e-493b-84c7-99842d27735c//flv:c6de1f37-fe25-4205-a514-12f928180e68;{"everybody":["yes"],"SBIPRoleMapper":["digitaleaarboeger","inhouse","marctab","sbmusic"]}
2013-06-17 13:19:21.335;PLAY;rtmp://thalassa.statsbiblioteket.dk:1935/mediestream?ticket=08d0c25d-0d2e-43ee-9b7c-2b8632f20f83//flv:61fa47db-db35-4220-b908-65b2d5cd1765;{"everybody":["yes"],"SBIPRoleMapper":["digitaleaarboeger","inhouse","marctab","sbmusic"]}
2013-06-17 13:19:45.492;PAUSE;rtmp://thalassa.statsbiblioteket.dk:1935/mediestream?ticket=0208dbce-e98e-493b-84c7-99842d27735c//flv:c6de1f37-fe25-4205-a514-12f928180e68;{"everybody":["yes"],"SBIPRoleMapper":["digitaleaarboeger","inhouse","marctab","sbmusic"]}
2013-06-17 13:19:59.754;PLAY;rtmp://thalassa.statsbiblioteket.dk:1935/mediestream?ticket=3b91068b-ac0c-431f-8124-c54d77eb81d9//flv:34b7d688-e9d8-433f-94d4-cd38e9d7669b;{"everybody":["yes"],"SBIPRoleMapper":["digitaleaarboeger","inhouse","marctab","sbmusic"]}
2013-06-17 13:20:00.403;STOP;rtmp://thalassa.statsbiblioteket.dk:1935/mediestream?ticket=08d0c25d-0d2e-43ee-9b7c-2b8632f20f83//flv:61fa47db-db35-4220-b908-65b2d5cd1765;{"everybody":["yes"],"SBIPRoleMapper":["digitaleaarboeger","inhouse","marctab","sbmusic"]}
2013-06-17 13:20:28.575;PLAY;rtmp://thalassa.statsbiblioteket.dk:1935/mediestream?ticket=b1530fb9-7ec3-4d52-a047-156fd2ac8e0a//flv:bda1f0f1-68e9-4a20-8149-75634172c149;{"everybody":["yes"],"SBIPRoleMapper":["digitaleaarboeger","inhouse","marctab","sbmusic"]}
2013-06-17 13:20:29.710;STOP;rtmp://thalassa.statsbiblioteket.dk:1935/mediestream?ticket=3b91068b-ac0c-431f-8124-c54d77eb81d9//flv:34b7d688-e9d8-433f-94d4-cd38e9d7669b;{"everybody":["yes"],"SBIPRoleMapper":["digitaleaarboeger","inhouse","marctab","sbmusic"]}
2013-06-17 13:20:41.477;PAUSE;rtmp://thalassa.statsbiblioteket.dk:1935/mediestream?ticket=0208dbce-e98e-493b-84c7-99842d27735c//flv:c6de1f37-fe25-4205-a514-12f928180e68;{"everybody":["yes"],"SBIPRoleMapper":["digitaleaarboeger","inhouse","marctab","sbmusic"]}
2013-06-17 13:20:45.880;PLAY;rtmp://thalassa.statsbiblioteket.dk:1935/mediestream?ticket=076669a7-a6e5-4176-89c9-afa5a48f1e71//flv:2f01c89f-80fc-446d-a4f1-f47d5afbecfb;{"everybody":["yes"],"SBIPRoleMapper":["digitaleaarboeger","inhouse","marctab","sbmusic"]}
2013-06-17 13:20:46.705;STOP;rtmp://thalassa.statsbiblioteket.dk:1935/mediestream?ticket=b1530fb9-7ec3-4d52-a047-156fd2ac8e0a//flv:bda1f0f1-68e9-4a20-8149-75634172c149;{"everybody":["yes"],"SBIPRoleMapper":["digitaleaarboeger","inhouse","marctab","sbmusic"]}
2013-06-17 13:21:10.194;STOP;rtmp://thalassa.statsbiblioteket.dk:1935/mediestream?ticket=076669a7-a6e5-4176-89c9-afa5a48f1e71//flv:2f01c89f-80fc-446d-a4f1-f47d5afbecfb;{"everybody":["yes"],"SBIPRoleMapper":["digitaleaarboeger","inhouse","marctab","sbmusic"]}
2013-06-17 13:21:10.572;PLAY;rtmp://thalassa.statsbiblioteket.dk:1935/mediestream?ticket=e5142865-2088-4f10-8681-fae40159093d//flv:9da8e4cb-d907-4a5d-b1e6-ac66406d9348;{"everybody":["yes"],"SBIPRoleMapper":["digitaleaarboeger","inhouse","marctab","sbmusic"]}
2013-06-17 13:21:29.585;STOP;rtmp://thalassa.statsbiblioteket.dk:1935/mediestream?ticket=e5142865-2088-4f10-8681-fae40159093d//flv:9da8e4cb-d907-4a5d-b1e6-ac66406d9348;{"everybody":["yes"],"SBIPRoleMapper":["digitaleaarboeger","inhouse","marctab","sbmusic"]}
2013-06-17 13:22:08.658;PLAY;rtmp://thalassa.statsbiblioteket.dk:1935/mediestream?ticket=fd7c5463-e44e-40af-a11c-3d09a3941c04//flv:e24232bd-cf03-4614-9e23-b22580d69c5b;{"everybody":["yes"],"SBIPRoleMapper":["digitaleaarboeger","inhouse","marctab","sbmusic"]}
2013-06-17 13:22:27.740;STOP;rtmp://thalassa.statsbiblioteket.dk:1935/mediestream?ticket=fd7c5463-e44e-40af-a11c-3d09a3941c04//flv:e24232bd-cf03-4614-9e23-b22580d69c5b;{"everybody":["yes"],"SBIPRoleMapper":["digitaleaarboeger","inhouse","marctab","sbmusic"]}
2013-06-17 13:22:44.842;PLAY;rtmp://thalassa.statsbiblioteket.dk:1935/mediestream?ticket=2b6ad9b3-c0a5-4086-a1c1-d79d6a10a8c6//flv:bda1f0f1-68e9-4a20-8149-75634172c149;{"everybody":["yes"],"SBIPRoleMapper":["digitaleaarboeger","inhouse","marctab","sbmusic"]}
2013-06-17 13:23:07.780;STOP;rtmp://thalassa.statsbiblioteket.dk:1935/mediestream?ticket=2b6ad9b3-c0a5-4086-a1c1-d79d6a10a8c6//flv:bda1f0f1-68e9-4a20-8149-75634172c149;{"everybody":["yes"],"SBIPRoleMapper":["digitaleaarboeger","inhouse","marctab","sbmusic"]}
2013-06-17 14:18:00.926;PLAY;rtmp://thalassa.statsbiblioteket.dk:1935/mediestream?ticket=d9237665-4504-4066-8a45-438282f6bdb2//flv:14b0d67e-205f-4316-9e97-2385df57adf3;{"everybody":["yes"],"SBIPRoleMapper":["digitaleaarboeger","inhouse","marctab","sbmusic"]}
2013-06-17 14:21:44.090;STOP;rtmp://thalassa.statsbiblioteket.dk:1935/mediestream?ticket=d9237665-4504-4066-8a45-438282f6bdb2//flv:14b0d67e-205f-4316-9e97-2385df57adf3;{"everybody":["yes"],"SBIPRoleMapper":["digitaleaarboeger","inhouse","marctab","sbmusic"]}
2013-06-17 14:44:06.275;PLAY;rtmp://thalassa.statsbiblioteket.dk:1935/mediestream?ticket=cf120f44-f901-431a-9c08-bd5b307a37c7//flv:e61dd0c1-30ff-43d4-b571-e2187a8e94c5;{"everybody":["yes"],"SBIPRoleMapper":["digitaleaarboeger","inhouse","marctab","sbmusic"]}
2013-06-17 14:45:18.329;STOP;rtmp://thalassa.statsbiblioteket.dk:1935/mediestream?ticket=cf120f44-f901-431a-9c08-bd5b307a37c7//flv:e61dd0c1-30ff-43d4-b571-e2187a8e94c5;{"everybody":["yes"],"SBIPRoleMapper":["digitaleaarboeger","inhouse","marctab","sbmusic"]}
2013-06-17 14:47:14.729;PLAY;rtmp://thalassa.statsbiblioteket.dk:1935/mediestream?ticket=0912e851-5ddb-4a2f-9fbd-eeeb0f36fda2//flv:e61dd0c1-30ff-43d4-b571-e2187a8e94c5;{"everybody":["yes"],"SBIPRoleMapper":["digitaleaarboeger","inhouse","marctab","sbmusic"]}
2013-06-17 14:47:25.442;PAUSE;rtmp://thalassa.statsbiblioteket.dk:1935/mediestream?ticket=0912e851-5ddb-4a2f-9fbd-eeeb0f36fda2//flv:e61dd0c1-30ff-43d4-b571-e2187a8e94c5;{"everybody":["yes"],"SBIPRoleMapper":["digitaleaarboeger","inhouse","marctab","sbmusic"]}
2013-06-17 14:47:25.660;PAUSE;rtmp://thalassa.statsbiblioteket.dk:1935/mediestream?ticket=0912e851-5ddb-4a2f-9fbd-eeeb0f36fda2//flv:e61dd0c1-30ff-43d4-b571-e2187a8e94c5;{"everybody":["yes"],"SBIPRoleMapper":["digitaleaarboeger","inhouse","marctab","sbmusic"]}
2013-06-17 14:47:33.908;PAUSE;rtmp://thalassa.statsbiblioteket.dk:1935/mediestream?ticket=0912e851-5ddb-4a2f-9fbd-eeeb0f36fda2//flv:e61dd0c1-30ff-43d4-b571-e2187a8e94c5;{"everybody":["yes"],"SBIPRoleMapper":["digitaleaarboeger","inhouse","marctab","sbmusic"]}
2013-06-17 14:47:34.159;PAUSE;rtmp://thalassa.statsbiblioteket.dk:1935/mediestream?ticket=0912e851-5ddb-4a2f-9fbd-eeeb0f36fda2//flv:e61dd0c1-30ff-43d4-b571-e2187a8e94c5;{"everybody":["yes"],"SBIPRoleMapper":["digitaleaarboeger","inhouse","marctab","sbmusic"]}
2013-06-17 14:47:42.088;PAUSE;rtmp://thalassa.statsbiblioteket.dk:1935/mediestream?ticket=0912e851-5ddb-4a2f-9fbd-eeeb0f36fda2//flv:e61dd0c1-30ff-43d4-b571-e2187a8e94c5;{"everybody":["yes"],"SBIPRoleMapper":["digitaleaarboeger","inhouse","marctab","sbmusic"]}
2013-06-17 14:47:46.349;PAUSE;rtmp://thalassa.statsbiblioteket.dk:1935/mediestream?ticket=0912e851-5ddb-4a2f-9fbd-eeeb0f36fda2//flv:e61dd0c1-30ff-43d4-b571-e2187a8e94c5;{"everybody":["yes"],"SBIPRoleMapper":["digitaleaarboeger","inhouse","marctab","sbmusic"]}
2013-06-17 14:47:56.459;PAUSE;rtmp://thalassa.statsbiblioteket.dk:1935/mediestream?ticket=0912e851-5ddb-4a2f-9fbd-eeeb0f36fda2//flv:e61dd0c1-30ff-43d4-b571-e2187a8e94c5;{"everybody":["yes"],"SBIPRoleMapper":["digitaleaarboeger","inhouse","marctab","sbmusic"]}
2013-06-17 14:48:17.498;STOP;rtmp://thalassa.statsbiblioteket.dk:1935/mediestream?ticket=0912e851-5ddb-4a2f-9fbd-eeeb0f36fda2//flv:e61dd0c1-30ff-43d4-b571-e2187a8e94c5;{"everybody":["yes"],"SBIPRoleMapper":["digitaleaarboeger","inhouse","marctab","sbmusic"]}
2013-06-17 15:25:06.975;PLAY;rtmp://thalassa.statsbiblioteket.dk:1935/mediestream?ticket=33220b7b-72c7-48fb-a700-e0ff35c877e7//mp3:b6238202-1e33-4d34-816d-bbf4e05d6274;{"everybody":["yes"],"SBIPRoleMapper":["aucampus","csa","digitaleaarboeger","inhouse","marctab","sbmusic"]}
2013-06-17 15:25:18.632;PAUSE;rtmp://thalassa.statsbiblioteket.dk:1935/mediestream?ticket=33220b7b-72c7-48fb-a700-e0ff35c877e7//mp3:b6238202-1e33-4d34-816d-bbf4e05d6274;{"everybody":["yes"],"SBIPRoleMapper":["aucampus","csa","digitaleaarboeger","inhouse","marctab","sbmusic"]}
2013-06-17 15:25:21.692;PAUSE;rtmp://thalassa.statsbiblioteket.dk:1935/mediestream?ticket=33220b7b-72c7-48fb-a700-e0ff35c877e7//mp3:b6238202-1e33-4d34-816d-bbf4e05d6274;{"everybody":["yes"],"SBIPRoleMapper":["aucampus","csa","digitaleaarboeger","inhouse","marctab","sbmusic"]}
2013-06-17 15:25:42.941;PAUSE;rtmp://thalassa.statsbiblioteket.dk:1935/mediestream?ticket=33220b7b-72c7-48fb-a700-e0ff35c877e7//mp3:b6238202-1e33-4d34-816d-bbf4e05d6274;{"everybody":["yes"],"SBIPRoleMapper":["aucampus","csa","digitaleaarboeger","inhouse","marctab","sbmusic"]}
2013-06-17 15:25:45.392;STOP;rtmp://thalassa.statsbiblioteket.dk:1935/mediestream?ticket=33220b7b-72c7-48fb-a700-e0ff35c877e7//mp3:b6238202-1e33-4d34-816d-bbf4e05d6274;{"everybody":["yes"],"SBIPRoleMapper":["aucampus","csa","digitaleaarboeger","inhouse","marctab","sbmusic"]}
2013-06-17 15:25:49.675;PLAY;rtmp://thalassa.statsbiblioteket.dk:1935/mediestream?ticket=56c7bbff-b908-4f29-99da-1f7dadb99184//flv:9030d69d-5bd0-489b-8059-e05af1e32d18;{"everybody":["yes"],"SBIPRoleMapper":["aucampus","csa","digitaleaarboeger","inhouse","marctab","sbmusic"]}
2013-06-17 15:26:04.346;PAUSE;rtmp://thalassa.statsbiblioteket.dk:1935/mediestream?ticket=56c7bbff-b908-4f29-99da-1f7dadb99184//flv:9030d69d-5bd0-489b-8059-e05af1e32d18;{"everybody":["yes"],"SBIPRoleMapper":["aucampus","csa","digitaleaarboeger","inhouse","marctab","sbmusic"]}
2013-06-17 15:27:00.302;PAUSE;rtmp://thalassa.statsbiblioteket.dk:1935/mediestream?ticket=56c7bbff-b908-4f29-99da-1f7dadb99184//flv:9030d69d-5bd0-489b-8059-e05af1e32d18;{"everybody":["yes"],"SBIPRoleMapper":["aucampus","csa","digitaleaarboeger","inhouse","marctab","sbmusic"]}
2013-06-17 15:27:03.473;PAUSE;rtmp://thalassa.statsbiblioteket.dk:1935/mediestream?ticket=56c7bbff-b908-4f29-99da-1f7dadb99184//flv:9030d69d-5bd0-489b-8059-e05af1e32d18;{"everybody":["yes"],"SBIPRoleMapper":["aucampus","csa","digitaleaarboeger","inhouse","marctab","sbmusic"]}
2013-06-17 15:54:24.129;PLAY;rtmp://thalassa.statsbiblioteket.dk:1935/mediestream?ticket=6be2386e-89b0-49ce-93cf-881c505a325c//flv:8e0abda2-539e-45cb-a640-3386248b3c3e;{"everybody":["yes"],"SBIPRoleMapper":["digitaleaarboeger","inhouse","marctab","sbmusic"]}
2013-06-17 15:54:34.302;SEEK;rtmp://thalassa.statsbiblioteket.dk:1935/mediestream?ticket=6be2386e-89b0-49ce-93cf-881c505a325c//flv:8e0abda2-539e-45cb-a640-3386248b3c3e;{"everybody":["yes"],"SBIPRoleMapper":["digitaleaarboeger","inhouse","marctab","sbmusic"]}
2013-06-17 15:54:39.148;SEEK;rtmp://thalassa.statsbiblioteket.dk:1935/mediestream?ticket=6be2386e-89b0-49ce-93cf-881c505a325c//flv:8e0abda2-539e-45cb-a640-3386248b3c3e;{"everybody":["yes"],"SBIPRoleMapper":["digitaleaarboeger","inhouse","marctab","sbmusic"]}
2013-06-17 15:54:42.083;SEEK;rtmp://thalassa.statsbiblioteket.dk:1935/mediestream?ticket=6be2386e-89b0-49ce-93cf-881c505a325c//flv:8e0abda2-539e-45cb-a640-3386248b3c3e;{"everybody":["yes"],"SBIPRoleMapper":["digitaleaarboeger","inhouse","marctab","sbmusic"]}
2013-06-17 15:54:44.008;SEEK;rtmp://thalassa.statsbiblioteket.dk:1935/mediestream?ticket=6be2386e-89b0-49ce-93cf-881c505a325c//flv:8e0abda2-539e-45cb-a640-3386248b3c3e;{"everybody":["yes"],"SBIPRoleMapper":["digitaleaarboeger","inhouse","marctab","sbmusic"]}
2013-06-17 15:54:48.911;PLAY;rtmp://thalassa.statsbiblioteket.dk:1935/mediestream?ticket=34cafddb-6603-4e26-8447-e030152fb941//flv:00b99a4e-7693-4001-980e-bf19c7e21d46;{"everybody":["yes"],"SBIPRoleMapper":["digitaleaarboeger","inhouse","marctab","sbmusic"]}
2013-06-17 15:54:49.009;SEEK;rtmp://thalassa.statsbiblioteket.dk:1935/mediestream?ticket=6be2386e-89b0-49ce-93cf-881c505a325c//flv:8e0abda2-539e-45cb-a640-3386248b3c3e;{"everybody":["yes"],"SBIPRoleMapper":["digitaleaarboeger","inhouse","marctab","sbmusic"]}
2013-06-17 15:54:53.308;PAUSE;rtmp://thalassa.statsbiblioteket.dk:1935/mediestream?ticket=6be2386e-89b0-49ce-93cf-881c505a325c//flv:8e0abda2-539e-45cb-a640-3386248b3c3e;{"everybody":["yes"],"SBIPRoleMapper":["digitaleaarboeger","inhouse","marctab","sbmusic"]}
2013-06-17 15:55:15.861;STOP;rtmp://thalassa.statsbiblioteket.dk:1935/mediestream?ticket=34cafddb-6603-4e26-8447-e030152fb941//flv:00b99a4e-7693-4001-980e-bf19c7e21d46;{"everybody":["yes"],"SBIPRoleMapper":["digitaleaarboeger","inhouse","marctab","sbmusic"]}
2013-06-17 15:55:25.642;PLAY;rtmp://thalassa.statsbiblioteket.dk:1935/mediestream?ticket=e593c0f8-a96a-438e-9c15-380aae2b2e72//flv:616d05bb-3008-4c4b-b4a0-c823ce31037d;{"everybody":["yes"],"SBIPRoleMapper":["digitaleaarboeger","inhouse","marctab","sbmusic"]}
2013-06-17 15:55:38.414;PAUSE;rtmp://thalassa.statsbiblioteket.dk:1935/mediestream?ticket=e593c0f8-a96a-438e-9c15-380aae2b2e72//flv:616d05bb-3008-4c4b-b4a0-c823ce31037d;{"everybody":["yes"],"SBIPRoleMapper":["digitaleaarboeger","inhouse","marctab","sbmusic"]}
2013-06-17 15:55:38.742;PAUSE;rtmp://thalassa.statsbiblioteket.dk:1935/mediestream?ticket=e593c0f8-a96a-438e-9c15-380aae2b2e72//flv:616d05bb-3008-4c4b-b4a0-c823ce31037d;{"everybody":["yes"],"SBIPRoleMapper":["digitaleaarboeger","inhouse","marctab","sbmusic"]}
2013-06-17 15:55:49.920;PAUSE;rtmp://thalassa.statsbiblioteket.dk:1935/mediestream?ticket=6be2386e-89b0-49ce-93cf-881c505a325c//flv:8e0abda2-539e-45cb-a640-3386248b3c3e;{"everybody":["yes"],"SBIPRoleMapper":["digitaleaarboeger","inhouse","marctab","sbmusic"]}
2013-06-17 15:55:52.809;PAUSE;rtmp://thalassa.statsbiblioteket.dk:1935/mediestream?ticket=e593c0f8-a96a-438e-9c15-380aae2b2e72//flv:616d05bb-3008-4c4b-b4a0-c823ce31037d;{"everybody":["yes"],"SBIPRoleMapper":["digitaleaarboeger","inhouse","marctab","sbmusic"]}
2013-06-17 15:55:53.979;PAUSE;rtmp://thalassa.statsbiblioteket.dk:1935/mediestream?ticket=e593c0f8-a96a-438e-9c15-380aae2b2e72//flv:616d05bb-3008-4c4b-b4a0-c823ce31037d;{"everybody":["yes"],"SBIPRoleMapper":["digitaleaarboeger","inhouse","marctab","sbmusic"]}
2013-06-17 15:56:11.869;PAUSE;rtmp://thalassa.statsbiblioteket.dk:1935/mediestream?ticket=e593c0f8-a96a-438e-9c15-380aae2b2e72//flv:616d05bb-3008-4c4b-b4a0-c823ce31037d;{"everybody":["yes"],"SBIPRoleMapper":["digitaleaarboeger","inhouse","marctab","sbmusic"]}
2013-06-17 15:56:12.971;PAUSE;rtmp://thalassa.statsbiblioteket.dk:1935/mediestream?ticket=e593c0f8-a96a-438e-9c15-380aae2b2e72//flv:616d05bb-3008-4c4b-b4a0-c823ce31037d;{"everybody":["yes"],"SBIPRoleMapper":["digitaleaarboeger","inhouse","marctab","sbmusic"]}
2013-06-17 15:56:19.781;PAUSE;rtmp://thalassa.statsbiblioteket.dk:1935/mediestream?ticket=e593c0f8-a96a-438e-9c15-380aae2b2e72//flv:616d05bb-3008-4c4b-b4a0-c823ce31037d;{"everybody":["yes"],"SBIPRoleMapper":["digitaleaarboeger","inhouse","marctab","sbmusic"]}
2013-06-17 15:56:21.098;PAUSE;rtmp://thalassa.statsbiblioteket.dk:1935/mediestream?ticket=e593c0f8-a96a-438e-9c15-380aae2b2e72//flv:616d05bb-3008-4c4b-b4a0-c823ce31037d;{"everybody":["yes"],"SBIPRoleMapper":["digitaleaarboeger","inhouse","marctab","sbmusic"]}
2013-06-17 15:56:35.432;STOP;rtmp://thalassa.statsbiblioteket.dk:1935/mediestream?ticket=e593c0f8-a96a-438e-9c15-380aae2b2e72//flv:616d05bb-3008-4c4b-b4a0-c823ce31037d;{"everybody":["yes"],"SBIPRoleMapper":["digitaleaarboeger","inhouse","marctab","sbmusic"]}
2013-06-17 15:56:43.566;PLAY;rtmp://thalassa.statsbiblioteket.dk:1935/mediestream?ticket=ecbb30c3-b86c-46f6-9005-4c7a7fb729a1//flv:a0f3a559-e658-495c-b4c3-2cc7fd4bdb49;{"everybody":["yes"],"SBIPRoleMapper":["digitaleaarboeger","inhouse","marctab","sbmusic"]}
2013-06-17 15:56:48.716;STOP;rtmp://thalassa.statsbiblioteket.dk:1935/mediestream?ticket=ecbb30c3-b86c-46f6-9005-4c7a7fb729a1//flv:a0f3a559-e658-495c-b4c3-2cc7fd4bdb49;{"everybody":["yes"],"SBIPRoleMapper":["digitaleaarboeger","inhouse","marctab","sbmusic"]}
2013-06-17 15:58:18.589;PLAY;rtmp://thalassa.statsbiblioteket.dk:1935/mediestream?ticket=8d08d37c-d147-41db-937a-1e62d983e753//flv:b853f346-e6c2-48a1-be18-bff67044fff8;{"everybody":["yes"],"SBIPRoleMapper":["digitaleaarboeger","inhouse","marctab","sbmusic"]}
2013-06-17 15:58:23.801;STOP;rtmp://thalassa.statsbiblioteket.dk:1935/mediestream?ticket=8d08d37c-d147-41db-937a-1e62d983e753//flv:b853f346-e6c2-48a1-be18-bff67044fff8;{"everybody":["yes"],"SBIPRoleMapper":["digitaleaarboeger","inhouse","marctab","sbmusic"]}
2013-06-17 15:59:16.457;PLAY;rtmp://thalassa.statsbiblioteket.dk:1935/mediestream?ticket=c66d268e-96dd-4871-aa35-e917e06d7bea//flv:57e680b2-d97b-468e-8620-83e1684e90b1;{"everybody":["yes"],"SBIPRoleMapper":["digitaleaarboeger","inhouse","marctab","sbmusic"]}
2013-06-17 15:59:31.965;STOP;rtmp://thalassa.statsbiblioteket.dk:1935/mediestream?ticket=c66d268e-96dd-4871-aa35-e917e06d7bea//flv:57e680b2-d97b-468e-8620-83e1684e90b1;{"everybody":["yes"],"SBIPRoleMapper":["digitaleaarboeger","inhouse","marctab","sbmusic"]}
2013-06-17 15:59:33.742;PLAY;rtmp://thalassa.statsbiblioteket.dk:1935/mediestream?ticket=b58af16b-3785-4872-a134-79f28a5b2b63//flv:dea23463-89d9-4b53-8fda-d6ddd945f4cb;{"everybody":["yes"],"SBIPRoleMapper":["digitaleaarboeger","inhouse","marctab","sbmusic"]}
2013-06-17 15:59:50.635;STOP;rtmp://thalassa.statsbiblioteket.dk:1935/mediestream?ticket=b58af16b-3785-4872-a134-79f28a5b2b63//flv:dea23463-89d9-4b53-8fda-d6ddd945f4cb;{"everybody":["yes"],"SBIPRoleMapper":["digitaleaarboeger","inhouse","marctab","sbmusic"]}
2013-06-17 15:59:58.380;PLAY;rtmp://thalassa.statsbiblioteket.dk:1935/mediestream?ticket=7ad812ec-bf88-485d-b30b-f5d9578ace3e//flv:60990c27-fc2d-472d-a238-a0939e134d56;{"everybody":["yes"],"SBIPRoleMapper":["digitaleaarboeger","inhouse","marctab","sbmusic"]}
2013-06-17 16:00:38.170;PLAY;rtmp://thalassa.statsbiblioteket.dk:1935/mediestream?ticket=bac59d60-8ea0-4281-948a-24a9e1154099//flv:60990c27-fc2d-472d-a238-a0939e134d56;{"everybody":["yes"],"SBIPRoleMapper":["digitaleaarboeger","inhouse","marctab","sbmusic"]}
2013-06-17 16:02:15.588;STOP;rtmp://thalassa.statsbiblioteket.dk:1935/mediestream?ticket=bac59d60-8ea0-4281-948a-24a9e1154099//flv:60990c27-fc2d-472d-a238-a0939e134d56;{"everybody":["yes"],"SBIPRoleMapper":["digitaleaarboeger","inhouse","marctab","sbmusic"]}
2013-06-17 16:02:23.774;STOP;rtmp://thalassa.statsbiblioteket.dk:1935/mediestream?ticket=7ad812ec-bf88-485d-b30b-f5d9578ace3e//flv:60990c27-fc2d-472d-a238-a0939e134d56;{"everybody":["yes"],"SBIPRoleMapper":["digitaleaarboeger","inhouse","marctab","sbmusic"]}
2013-06-17 16:03:08.198;PLAY;rtmp://thalassa.statsbiblioteket.dk:1935/mediestream?ticket=8fc57612-baef-4e6b-a69a-f9cd3b2d5dcc//flv:7dc6a4de-dc16-4cef-aecf-a2a51458c025;{"everybody":["yes"],"SBIPRoleMapper":["digitaleaarboeger","inhouse","marctab","sbmusic"]}
2013-06-17 16:03:36.681;STOP;rtmp://thalassa.statsbiblioteket.dk:1935/mediestream?ticket=8fc57612-baef-4e6b-a69a-f9cd3b2d5dcc//flv:7dc6a4de-dc16-4cef-aecf-a2a51458c025;{"everybody":["yes"],"SBIPRoleMapper":["digitaleaarboeger","inhouse","marctab","sbmusic"]}
2013-06-17 16:03:38.418;PLAY;rtmp://thalassa.statsbiblioteket.dk:1935/mediestream?ticket=8327ed7b-fdbd-4531-b620-562a90910a3a//mp3:35652b9d-5451-4609-9953-31fa1bb08db3;{"everybody":["yes"],"SBIPRoleMapper":["digitaleaarboeger","inhouse","marctab","sbmusic"]}
2013-06-17 16:03:39.513;SEEK;rtmp://thalassa.statsbiblioteket.dk:1935/mediestream?ticket=8327ed7b-fdbd-4531-b620-562a90910a3a//mp3:35652b9d-5451-4609-9953-31fa1bb08db3;{"everybody":["yes"],"SBIPRoleMapper":["digitaleaarboeger","inhouse","marctab","sbmusic"]}
2013-06-17 16:03:42.572;STOP;rtmp://thalassa.statsbiblioteket.dk:1935/mediestream?ticket=8327ed7b-fdbd-4531-b620-562a90910a3a//mp3:35652b9d-5451-4609-9953-31fa1bb08db3;{"everybody":["yes"],"SBIPRoleMapper":["digitaleaarboeger","inhouse","marctab","sbmusic"]}
2013-06-17 16:04:04.425;PLAY;rtmp://thalassa.statsbiblioteket.dk:1935/mediestream?ticket=6b44f12a-2ab7-4049-976a-8ccf244f49ac//flv:5491d940-a77b-4bbd-899f-d17ad8ccbcd8;{"everybody":["yes"],"SBIPRoleMapper":["digitaleaarboeger","inhouse","marctab","sbmusic"]}
2013-06-17 16:04:36.076;STOP;rtmp://thalassa.statsbiblioteket.dk:1935/mediestream?ticket=6b44f12a-2ab7-4049-976a-8ccf244f49ac//flv:5491d940-a77b-4bbd-899f-d17ad8ccbcd8;{"everybody":["yes"],"SBIPRoleMapper":["digitaleaarboeger","inhouse","marctab","sbmusic"]}
2013-06-17 16:08:00.988;PLAY;rtmp://thalassa.statsbiblioteket.dk:1935/mediestream?ticket=0010397a-4460-46ed-bd7f-fd3e168aa640//flv:5d256a79-f5a4-4b15-b8fd-3141cc181220;{"eduPersonPrincipalName":["w_cncygU9rdsUC5vhnIuOQ@statsbiblioteket.dk"],"eduPersonPrimaryAffiliation":["staff"],"SBLastLoginTimestamp":["1358768093"],"MediestreamFullAccess":["yes"],"everybody":["yes"],"eduPersonTargetedID":["WAYF-DK-03a6da6ddee10bda0ecef84671944879f7685b93"],"schacHomeOrganization":["statsbiblioteket.dk"]}
2013-06-17 16:08:04.883;STOP;rtmp://thalassa.statsbiblioteket.dk:1935/mediestream?ticket=0010397a-4460-46ed-bd7f-fd3e168aa640//flv:5d256a79-f5a4-4b15-b8fd-3141cc181220;{"eduPersonPrincipalName":["w_cncygU9rdsUC5vhnIuOQ@statsbiblioteket.dk"],"eduPersonPrimaryAffiliation":["staff"],"SBLastLoginTimestamp":["1358768093"],"MediestreamFullAccess":["yes"],"everybody":["yes"],"eduPersonTargetedID":["WAYF-DK-03a6da6ddee10bda0ecef84671944879f7685b93"],"schacHomeOrganization":["statsbiblioteket.dk"]}
2013-06-17 16:11:33.124;PLAY;rtmp://thalassa.statsbiblioteket.dk:1935/mediestream?ticket=06bd9a50-0e83-4c98-8cd9-cfb9cda91de5//flv:30174189-6410-4bc1-9166-8044fe85a4e9;{"everybody":["yes"],"SBIPRoleMapper":["digitaleaarboeger","inhouse","marctab","sbmusic"]}
2013-06-17 16:11:40.097;STOP;rtmp://thalassa.statsbiblioteket.dk:1935/mediestream?ticket=06bd9a50-0e83-4c98-8cd9-cfb9cda91de5//flv:30174189-6410-4bc1-9166-8044fe85a4e9;{"everybody":["yes"],"SBIPRoleMapper":["digitaleaarboeger","inhouse","marctab","sbmusic"]}
2013-06-17 22:12:06.292;PLAY;rtmp://thalassa.statsbiblioteket.dk:1935/mediestream?ticket=1c3ab70d-7d11-4093-a506-891539aec09c//flv:fbe442d4-797a-4975-abcd-c4ee22f1e308;{"everybody":["yes"],"SBIPRoleMapper":["digitaleaarboeger","inhouse","sbmusic"]}
2013-06-17 22:12:24.109;SEEK;rtmp://thalassa.statsbiblioteket.dk:1935/mediestream?ticket=1c3ab70d-7d11-4093-a506-891539aec09c//flv:fbe442d4-797a-4975-abcd-c4ee22f1e308;{"everybody":["yes"],"SBIPRoleMapper":["digitaleaarboeger","inhouse","sbmusic"]}
2013-06-17 22:12:28.037;SEEK;rtmp://thalassa.statsbiblioteket.dk:1935/mediestream?ticket=1c3ab70d-7d11-4093-a506-891539aec09c//flv:fbe442d4-797a-4975-abcd-c4ee22f1e308;{"everybody":["yes"],"SBIPRoleMapper":["digitaleaarboeger","inhouse","sbmusic"]}
2013-06-17 22:12:30.394;SEEK;rtmp://thalassa.statsbiblioteket.dk:1935/mediestream?ticket=1c3ab70d-7d11-4093-a506-891539aec09c//flv:fbe442d4-797a-4975-abcd-c4ee22f1e308;{"everybody":["yes"],"SBIPRoleMapper":["digitaleaarboeger","inhouse","sbmusic"]}
